MIG: 13:57:31 : Running customizer.xit
MIG: 13:57:31 : ################# RUNNING MIG INTERACTIVE ###################
MIG: 13:57:31 : Writing IN file for 'bd_mig_7series_0_0'...compDirPath: c:/Xilinx/Vivado/2016.4/data/ip/xilinx/mig_7series_v4_0... instDirPath: c:/Users/andrewandre/AppData/Roaming/Xilinx/Vivado/.Xil/Vivado-10972-LAPTOP-IQ9G3D1I/coregen/bd_mig_7series_0_0
MIG: 13:57:31 : synp_flow:  -- synthesis_mode: Other
MIG: 13:57:31 : outputDirectory: c:/Users/andrewandre/AppData/Roaming/Xilinx/Vivado/.Xil/Vivado-10972-LAPTOP-IQ9G3D1I/coregen/bd_mig_7series_0_0/_tmp/
MIG: 13:57:31 : vivado_mode: xpg_bd
MIG: 13:57:31 :  locked false  
MIG: 13:57:31 : HDL Language: Verilog
MIG: 13:57:31 : compInfo: false
MIG: 13:57:31 : relative mig path: coregen/ip/xilinx/other/com/xilinx/ip/mig_7series_v4_0/bin/nt64/mig.exe
MIG: 13:57:31 : xilinx_path: C:/Xilinx/Vivado/2016.4/ids_lite/ISE
MIG: 13:57:31 : I am in catch area
MIG: 13:57:31 : Running C:/Xilinx/Vivado/2016.4/ids_lite/ISE/coregen/ip/xilinx/other/com/xilinx/ip/mig_7series_v4_0/bin/nt64/mig.exe -cg_exc_inp c:/Users/andrewandre/AppData/Roaming/Xilinx/Vivado/.Xil/Vivado-10972-LAPTOP-IQ9G3D1I/coregen/bd_mig_7series_0_0/xil_txt.in -cg_exc_out c:/Users/andrewandre/AppData/Roaming/Xilinx/Vivado/.Xil/Vivado-10972-LAPTOP-IQ9G3D1I/coregen/bd_mig_7series_0_0/xil_txt.out ... 
MIG: 14:01:48 : Prasad before: xmlPropertyPrj -- .prj
MIG: 14:01:48 : Prasad After: xmlPropertyPrj -- mig_a.prj
MIG: 14:01:48 : XML_INPUT_FILE: c:/Users/andrewandre/AppData/Roaming/Xilinx/Vivado/.Xil/Vivado-10972-LAPTOP-IQ9G3D1I/coregen/bd_mig_7series_0_0/mig_a.prj
MIG: 14:01:48 : Component_Name: bd_mig_7series_0_0
MIG: 14:01:48 : Moving bd_mig_7series_0_0 ...
MIG: 14:01:48 : Moving bd_mig_7series_0_0.veo ...
MIG: 14:01:48 : Moving bd_mig_7series_0_0_xmdf.tcl ...
MIG: 14:01:48 : Sending back 0
MIG: 14:01:50 : xml_input_file: mig_a.prj
MIG: 14:01:50 : Absolute path of xml_input_file: c:/Users/andrewandre/Documents/GitHub/kernel-on-chip/hdl/projects/Nexys4/rtl_project/rtl_project.srcs/sources_1/bd/bd/ip/bd_mig_7series_0_0/mig_a.prj
MIG: 14:01:50 : xml_input_file: mig_a.prj
MIG: 14:01:50 : Absolute path of xml_input_file: c:/Users/andrewandre/Documents/GitHub/kernel-on-chip/hdl/projects/Nexys4/rtl_project/rtl_project.srcs/sources_1/bd/bd/ip/bd_mig_7series_0_0/mig_a.prj
MIG: 14:01:50 : In updateAllModelParams
MIG: 14:01:50 : IGN:     <ModuleName>bd_mig_7series_0_0</ModuleName> <==>     <ModuleName>bd_mig_7series_0_0</ModuleName> 
MIG: 14:01:50 : IGN:         <InputClkFreq>200.02</InputClkFreq> <==>         <InputClkFreq>200.02</InputClkFreq> 
MIG: 14:01:50 : XGUI hdlLanguage: Verilog
MIG: 14:01:50 : xgui vivado_mode: xpg_bd
MIG: 14:01:50 : xgui hdlLanguage: Verilog -- hdlExt: v
MIG: 14:01:50 : Reading C:/Users/andrewandre/Documents/GitHub/kernel-on-chip/hdl/projects/Nexys4/rtl_project/rtl_project.srcs/sources_1/bd/bd/ip/bd_mig_7series_0_0/bd_mig_7series_0_0/user_design/rtl/bd_mig_7series_0_0_mig.v ...
MIG: 14:01:51 : 1
MIG: 14:01:51 : Inside fn mem: DDR2
MIG: 14:01:51 : detect_uiclk: 150015002
MIG: 14:01:51 : cntrl:  memtype: DDR2
MIG: 14:01:51 : 1200
MIG: 14:01:51 :  MMCM_VCO single ctrl param_name: MMCM_VCO --  possibleMaxVcoVal: 1200 
MIG: 14:01:51 : DDR2
MIG: 14:01:51 : 1
MIG: 14:01:51 : 150015002
MIG: 14:01:51 : 
MIG: 14:01:51 :  polarity_value: 1
MIG: 14:01:51 : 
MIG: 14:01:51 : 
MIG: 14:01:51 : cntrl:  memtype: DDR2
MIG: 14:01:51 :  Invalid Param: DDR2_RST_ACT_LOW ==> 1
MIG: 14:01:51 : 
MIG: 14:01:51 :  Valid Param: DDR2_BANK_WIDTH ==> 3
MIG: 14:01:51 : 
MIG: 14:01:51 :  Valid Param: DDR2_CK_WIDTH ==> 1
MIG: 14:01:51 :  Invalid Param: DDR2_COL_WIDTH ==> 10
MIG: 14:01:51 : 
MIG: 14:01:51 :  Valid Param: DDR2_CS_WIDTH ==> 1
MIG: 14:01:51 : 
MIG: 14:01:51 :  Valid Param: DDR2_nCS_PER_RANK ==> 1
MIG: 14:01:51 : 
MIG: 14:01:51 :  Valid Param: DDR2_CKE_WIDTH ==> 1
MIG: 14:01:51 :  Invalid Param: DDR2_DATA_BUF_ADDR_WIDTH ==> 4
MIG: 14:01:51 :  Invalid Param: DDR2_DQ_CNT_WIDTH ==> 4
MIG: 14:01:51 :  Invalid Param: DDR2_DQ_PER_DM ==> 8
MIG: 14:01:51 : 2
MIG: 14:01:51 :  Valid Param: DDR2_DM_WIDTH ==> 2
MIG: 14:01:51 : 16
MIG: 14:01:51 :  Valid Param: DDR2_DQ_WIDTH ==> 16
MIG: 14:01:51 : 2
MIG: 14:01:51 :  Valid Param: DDR2_DQS_WIDTH ==> 2
MIG: 14:01:51 : 
MIG: 14:01:51 :  Valid Param: DDR2_DQS_CNT_WIDTH ==> 1
MIG: 14:01:51 :  Invalid Param: DDR2_DRAM_WIDTH ==> 8
MIG: 14:01:51 : 
MIG: 14:01:51 :  Valid Param: ECC ==> OFF
MIG: 14:01:51 : 16
MIG: 14:01:51 :  Valid Param: DDR2_DATA_WIDTH ==> 16
MIG: 14:01:51 :  Invalid Param: ECC_TEST ==> "OFF"
MIG: 14:01:51 :  Invalid Param: DDR2_PAYLOAD_WIDTH ==> (ECC_TEST == "OFF") ? DATA_WIDTH : DQ_WIDTH
MIG: 14:01:51 :  Invalid Param: DDR2_MEM_ADDR_ORDER ==> "BANK_ROW_COLUMN"
MIG: 14:01:51 :  Invalid Param: DDR2_nBANK_MACHS ==> 4
MIG: 14:01:51 :  Invalid Param: DDR2_RANKS ==> 1
MIG: 14:01:51 : 
MIG: 14:01:51 :  Valid Param: DDR2_ODT_WIDTH ==> 1
MIG: 14:01:51 : 13
MIG: 14:01:51 :  Valid Param: DDR2_ROW_WIDTH ==> 13
MIG: 14:01:51 : 27
MIG: 14:01:51 :  Valid Param: DDR2_ADDR_WIDTH ==> 27
MIG: 14:01:51 : 
MIG: 14:01:51 :  Valid Param: DDR2_USE_CS_PORT ==> 1
MIG: 14:01:51 : 
MIG: 14:01:51 :  Valid Param: DDR2_USE_DM_PORT ==> 1
MIG: 14:01:51 : 
MIG: 14:01:51 :  Valid Param: DDR2_USE_ODT_PORT ==> 1
MIG: 14:01:51 :  Invalid Param: DDR2_PHY_CONTROL_MASTER_BANK ==> 0
MIG: 14:01:51 :  Invalid Param: DDR2_MEM_DENSITY ==> "1Gb"
MIG: 14:01:51 :  Invalid Param: DDR2_MEM_SPEEDGRADE ==> "25E"
MIG: 14:01:51 :  Invalid Param: DDR2_MEM_DEVICE_WIDTH ==> 16
MIG: 14:01:51 :  Invalid Param: DDR2_AL ==> "0"
MIG: 14:01:51 :  Invalid Param: DDR2_nAL ==> 0
MIG: 14:01:51 :  Invalid Param: DDR2_BURST_MODE ==> "8"
MIG: 14:01:51 :  Invalid Param: DDR2_BURST_TYPE ==> "SEQ"
MIG: 14:01:51 :  Invalid Param: DDR2_CL ==> 5
MIG: 14:01:51 :  Invalid Param: DDR2_OUTPUT_DRV ==> "HIGH"
MIG: 14:01:51 :  Invalid Param: DDR2_RTT_NOM ==> "50"
MIG: 14:01:51 :  Invalid Param: DDR2_ADDR_CMD_MODE ==> "1T"
MIG: 14:01:51 : 
MIG: 14:01:51 :  Valid Param: DDR2_REG_CTRL ==> OFF
MIG: 14:01:51 :  Invalid Param: DDR2_CLKIN_PERIOD ==> 4999
MIG: 14:01:51 :  Invalid Param: DDR2_CLKFBOUT_MULT ==> 6
MIG: 14:01:51 :  Invalid Param: DDR2_DIVCLK_DIVIDE ==> 1
MIG: 14:01:51 :  Invalid Param: DDR2_CLKOUT0_PHASE ==> 0.0
MIG: 14:01:51 :  Invalid Param: DDR2_CLKOUT0_DIVIDE ==> 2
MIG: 14:01:51 :  Invalid Param: DDR2_CLKOUT1_DIVIDE ==> 4
MIG: 14:01:51 :  Invalid Param: DDR2_CLKOUT2_DIVIDE ==> 64
MIG: 14:01:51 :  Invalid Param: DDR2_CLKOUT3_DIVIDE ==> 8
MIG: 14:01:51 :  Invalid Param: DDR2_MMCM_VCO ==> 1200
MIG: 14:01:51 :  Invalid Param: DDR2_MMCM_MULT_F ==> 7
MIG: 14:01:51 :  Invalid Param: DDR2_MMCM_DIVCLK_DIVIDE ==> 1
MIG: 14:01:51 :  Invalid Param: DDR2_tCKE ==> 7500
MIG: 14:01:51 :  Invalid Param: DDR2_tFAW ==> 45000
MIG: 14:01:51 :  Invalid Param: DDR2_tPRDI ==> 1_000_000
MIG: 14:01:51 :  Invalid Param: DDR2_tRAS ==> 40000
MIG: 14:01:51 :  Invalid Param: DDR2_tRCD ==> 15000
MIG: 14:01:51 :  Invalid Param: DDR2_tREFI ==> 7800000
MIG: 14:01:51 :  Invalid Param: DDR2_tRFC ==> 127500
MIG: 14:01:51 :  Invalid Param: DDR2_tRP ==> 12500
MIG: 14:01:51 :  Invalid Param: DDR2_tRRD ==> 10000
MIG: 14:01:51 :  Invalid Param: DDR2_tRTP ==> 7500
MIG: 14:01:51 :  Invalid Param: DDR2_tWTR ==> 7500
MIG: 14:01:51 :  Invalid Param: DDR2_tZQI ==> 128_000_000
MIG: 14:01:51 :  Invalid Param: DDR2_tZQCS ==> 64
MIG: 14:01:51 :  Invalid Param: DDR2_SIM_BYPASS_INIT_CAL ==> "OFF"
MIG: 14:01:51 :  Invalid Param: DDR2_SIMULATION ==> "FALSE"
MIG: 14:01:51 :  Invalid Param: DDR2_BYTE_LANES_B0 ==> 4'b1111
MIG: 14:01:52 :  Invalid Param: DDR2_BYTE_LANES_B1 ==> 4'b0000
MIG: 14:01:52 :  Invalid Param: DDR2_BYTE_LANES_B2 ==> 4'b0000
MIG: 14:01:52 :  Invalid Param: DDR2_BYTE_LANES_B3 ==> 4'b0000
MIG: 14:01:52 :  Invalid Param: DDR2_BYTE_LANES_B4 ==> 4'b0000
MIG: 14:01:52 :  Invalid Param: DDR2_DATA_CTL_B0 ==> 4'b0101
MIG: 14:01:52 :  Invalid Param: DDR2_DATA_CTL_B1 ==> 4'b0000
MIG: 14:01:52 :  Invalid Param: DDR2_DATA_CTL_B2 ==> 4'b0000
MIG: 14:01:52 :  Invalid Param: DDR2_DATA_CTL_B3 ==> 4'b0000
MIG: 14:01:52 :  Invalid Param: DDR2_DATA_CTL_B4 ==> 4'b0000
MIG: 14:01:52 :  Invalid Param: DDR2_PHY_0_BITLANES ==> 48'hFFC_3F7_FFF_3FE
MIG: 14:01:52 :  Invalid Param: DDR2_PHY_1_BITLANES ==> 48'h000_000_000_000
MIG: 14:01:52 :  Invalid Param: DDR2_PHY_2_BITLANES ==> 48'h000_000_000_000
MIG: 14:01:52 :  Invalid Param: DDR2_CK_BYTE_MAP ==> 144'h00_00_00_00_00_00_00_00_00_00_00_00_00_00_00_00_00_03
MIG: 14:01:52 :  Invalid Param: DDR2_ADDR_MAP ==> 192'h000_000_000_010_033_01A_019_032_03A_034_018_036_012_011_017_015
MIG: 14:01:52 :  Invalid Param: DDR2_BANK_MAP ==> 36'h013_016_01B
MIG: 14:01:52 :  Invalid Param: DDR2_CAS_MAP ==> 12'h039
MIG: 14:01:52 :  Invalid Param: DDR2_CKE_ODT_BYTE_MAP ==> 8'h00
MIG: 14:01:52 :  Invalid Param: DDR2_CKE_MAP ==> 96'h000_000_000_000_000_000_000_038
MIG: 14:01:52 :  Invalid Param: DDR2_ODT_MAP ==> 96'h000_000_000_000_000_000_000_035
MIG: 14:01:52 :  Invalid Param: DDR2_CS_MAP ==> 120'h000_000_000_000_000_000_000_000_000_037
MIG: 14:01:52 :  Invalid Param: DDR2_PARITY_MAP ==> 12'h000
MIG: 14:01:52 :  Invalid Param: DDR2_RAS_MAP ==> 12'h014
MIG: 14:01:52 :  Invalid Param: DDR2_WE_MAP ==> 12'h03B
MIG: 14:01:52 :  Invalid Param: DDR2_DQS_BYTE_MAP ==> 144'h00_00_00_00_00_00_00_00_00_00_00_00_00_00_00_00_02_00
MIG: 14:01:52 :  Invalid Param: DDR2_DATA0_MAP ==> 96'h008_004_009_007_005_001_006_003
MIG: 14:01:52 :  Invalid Param: DDR2_DATA1_MAP ==> 96'h022_028_020_024_027_025_026_021
MIG: 14:01:52 :  Invalid Param: DDR2_DATA2_MAP ==> 96'h000_000_000_000_000_000_000_000
MIG: 14:01:52 :  Invalid Param: DDR2_DATA3_MAP ==> 96'h000_000_000_000_000_000_000_000
MIG: 14:01:52 :  Invalid Param: DDR2_DATA4_MAP ==> 96'h000_000_000_000_000_000_000_000
MIG: 14:01:52 :  Invalid Param: DDR2_DATA5_MAP ==> 96'h000_000_000_000_000_000_000_000
MIG: 14:01:52 :  Invalid Param: DDR2_DATA6_MAP ==> 96'h000_000_000_000_000_000_000_000
MIG: 14:01:52 :  Invalid Param: DDR2_DATA7_MAP ==> 96'h000_000_000_000_000_000_000_000
MIG: 14:01:52 :  Invalid Param: DDR2_DATA8_MAP ==> 96'h000_000_000_000_000_000_000_000
MIG: 14:01:52 :  Invalid Param: DDR2_DATA9_MAP ==> 96'h000_000_000_000_000_000_000_000
MIG: 14:01:52 :  Invalid Param: DDR2_DATA10_MAP ==> 96'h000_000_000_000_000_000_000_000
MIG: 14:01:52 :  Invalid Param: DDR2_DATA11_MAP ==> 96'h000_000_000_000_000_000_000_000
MIG: 14:01:52 :  Invalid Param: DDR2_DATA12_MAP ==> 96'h000_000_000_000_000_000_000_000
MIG: 14:01:52 :  Invalid Param: DDR2_DATA13_MAP ==> 96'h000_000_000_000_000_000_000_000
MIG: 14:01:52 :  Invalid Param: DDR2_DATA14_MAP ==> 96'h000_000_000_000_000_000_000_000
MIG: 14:01:52 :  Invalid Param: DDR2_DATA15_MAP ==> 96'h000_000_000_000_000_000_000_000
MIG: 14:01:52 :  Invalid Param: DDR2_DATA16_MAP ==> 96'h000_000_000_000_000_000_000_000
MIG: 14:01:52 :  Invalid Param: DDR2_DATA17_MAP ==> 96'h000_000_000_000_000_000_000_000
MIG: 14:01:52 :  Invalid Param: DDR2_MASK0_MAP ==> 108'h000_000_000_000_000_000_000_029_002
MIG: 14:01:52 :  Invalid Param: DDR2_MASK1_MAP ==> 108'h000_000_000_000_000_000_000_000_000
MIG: 14:01:52 :  Invalid Param: DDR2_SLOT_0_CONFIG ==> 8'b0000_0001
MIG: 14:01:52 :  Invalid Param: DDR2_SLOT_1_CONFIG ==> 8'b0000_0000
MIG: 14:01:52 :  Invalid Param: DDR2_IBUF_LPWR_MODE ==> "OFF"
MIG: 14:01:52 :  Invalid Param: DDR2_DATA_IO_IDLE_PWRDWN ==> "ON"
MIG: 14:01:52 :  Invalid Param: DDR2_BANK_TYPE ==> "HR_IO"
MIG: 14:01:52 :  Invalid Param: DDR2_DATA_IO_PRIM_TYPE ==> "HR_LP"
MIG: 14:01:52 :  Invalid Param: DDR2_CKE_ODT_AUX ==> "FALSE"
MIG: 14:01:52 :  Invalid Param: DDR2_USER_REFRESH ==> "OFF"
MIG: 14:01:52 :  Invalid Param: DDR2_WRLVL ==> "OFF"
MIG: 14:01:52 :  Invalid Param: DDR2_ORDERING ==> "STRICT"
MIG: 14:01:52 :  Invalid Param: DDR2_CALIB_ROW_ADD ==> 16'h0000
MIG: 14:01:52 :  Invalid Param: DDR2_CALIB_COL_ADD ==> 12'h000
MIG: 14:01:52 :  Invalid Param: DDR2_CALIB_BA_ADD ==> 3'h0
MIG: 14:01:52 :  Invalid Param: DDR2_TCQ ==> 100
MIG: 14:01:52 :  Invalid Param: DDR2_IODELAY_GRP0 ==> "BD_MIG_7SERIES_0_0_IODELAY_MIG0"
MIG: 14:01:52 :  Invalid Param: DDR2_SYSCLK_TYPE ==> "NO_BUFFER"
MIG: 14:01:52 :  Invalid Param: DDR2_REFCLK_TYPE ==> "NO_BUFFER"
MIG: 14:01:52 :  Invalid Param: DDR2_SYS_RST_PORT ==> "FALSE"
MIG: 14:01:52 :  Invalid Param: DDR2_CMD_PIPE_PLUS1 ==> "ON"
MIG: 14:01:52 :  Invalid Param: DDR2_DRAM_TYPE ==> "DDR2"
MIG: 14:01:52 :  Invalid Param: DDR2_CAL_WIDTH ==> "HALF"
MIG: 14:01:52 :  Invalid Param: DDR2_STARVE_LIMIT ==> 2
MIG: 14:01:52 :  Invalid Param: DDR2_REFCLK_FREQ ==> 200.0
MIG: 14:01:52 :  Invalid Param: DDR2_DIFF_TERM_REFCLK ==> "TRUE"
MIG: 14:01:52 :  Invalid Param: DDR2_tCK ==> 3333
MIG: 14:01:52 : 
MIG: 14:01:52 :  Valid Param: DDR2_nCK_PER_CLK ==> 2
MIG: 14:01:52 :  Invalid Param: DDR2_DIFF_TERM_SYSCLK ==> "TRUE"
MIG: 14:01:52 : 
MIG: 14:01:52 :  Valid Param: UI_EXTRA_CLOCKS ==> FALSE
MIG: 14:01:52 : 
MIG: 14:01:52 :  Valid Param: C_S_AXI_ID_WIDTH ==> 4
MIG: 14:01:52 : 134217728
MIG: 14:01:52 :  Valid Param: C_S_AXI_MEM_SIZE ==> 134217728
MIG: 14:01:52 : 
MIG: 14:01:52 :  Valid Param: C_S_AXI_ADDR_WIDTH ==> 32
MIG: 14:01:52 : 
MIG: 14:01:52 :  Valid Param: C_S_AXI_DATA_WIDTH ==> 32
MIG: 14:01:52 :  Invalid Param: DDR2_C_MC_nCK_PER_CLK ==> 2
MIG: 14:01:52 :  Invalid Param: C_S_AXI_SUPPORTS_NARROW_BURST ==> 1
MIG: 14:01:52 :  Invalid Param: DDR2_C_RD_WR_ARB_ALGORITHM ==> "RD_PRI_REG"
MIG: 14:01:52 :  Invalid Param: C_S_AXI_REG_EN0 ==> 20'h00000
MIG: 14:01:52 :  Invalid Param: C_S_AXI_REG_EN1 ==> 20'h00000
MIG: 14:01:52 : 
MIG: 14:01:52 :  Valid Param: C_S_AXI_CTRL_ADDR_WIDTH ==> 32
MIG: 14:01:52 : 
MIG: 14:01:52 :  Valid Param: C_S_AXI_CTRL_DATA_WIDTH ==> 32
MIG: 14:01:52 :  Invalid Param: C_S_AXI_BASEADDR ==> 32'h0000_0000
MIG: 14:01:52 :  Invalid Param: C_ECC_ONOFF_RESET_VALUE ==> 1
MIG: 14:01:52 :  Invalid Param: C_ECC_CE_COUNTER_WIDTH ==> 8
MIG: 14:01:52 : 
MIG: 14:01:52 :  Valid Param: DDR2_DEBUG_PORT ==> OFF
MIG: 14:01:52 : 
MIG: 14:01:52 :  Invalid Param: DDR2_TEMP_MON_CONTROL ==> "INTERNAL"
MIG: 14:01:52 : NOBUF
MIG: 14:01:52 : NOBUF
MIG: 14:01:52 : 
MIG: 14:01:52 : Same Interface
MIG: 14:16:49 : Running customizer.xit
MIG: 14:16:49 : ################# RUNNING MIG INTERACTIVE ###################
MIG: 14:16:49 : Writing IN file for 'bd_mig_7series_0_0'...compDirPath: c:/Xilinx/Vivado/2016.4/data/ip/xilinx/mig_7series_v4_0... instDirPath: c:/Users/andrewandre/AppData/Roaming/Xilinx/Vivado/.Xil/Vivado-10972-LAPTOP-IQ9G3D1I/coregen/bd_mig_7series_0_0
MIG: 14:16:49 : synp_flow:  -- synthesis_mode: Other
MIG: 14:16:49 : outputDirectory: c:/Users/andrewandre/AppData/Roaming/Xilinx/Vivado/.Xil/Vivado-10972-LAPTOP-IQ9G3D1I/coregen/bd_mig_7series_0_0/_tmp/
MIG: 14:16:49 : vivado_mode: xpg_bd
MIG: 14:16:49 :  locked false  
MIG: 14:16:49 : HDL Language: Verilog
MIG: 14:16:49 : compInfo: false
MIG: 14:16:49 : Vivado Options xc7a100t csg324 -1
MIG: 14:16:49 : 1: xc7a100t 2: csg324 3: -1
MIG: 14:16:49 : relative mig path: coregen/ip/xilinx/other/com/xilinx/ip/mig_7series_v4_0/bin/nt64/mig.exe
MIG: 14:16:49 : xilinx_path: C:/Xilinx/Vivado/2016.4/ids_lite/ISE
MIG: 14:16:49 : I am in catch area
MIG: 14:16:49 : Running C:/Xilinx/Vivado/2016.4/ids_lite/ISE/coregen/ip/xilinx/other/com/xilinx/ip/mig_7series_v4_0/bin/nt64/mig.exe -cg_exc_inp c:/Users/andrewandre/AppData/Roaming/Xilinx/Vivado/.Xil/Vivado-10972-LAPTOP-IQ9G3D1I/coregen/bd_mig_7series_0_0/xil_txt.in -cg_exc_out c:/Users/andrewandre/AppData/Roaming/Xilinx/Vivado/.Xil/Vivado-10972-LAPTOP-IQ9G3D1I/coregen/bd_mig_7series_0_0/xil_txt.out ... 
MIG: 14:28:26 : Prasad before: xmlPropertyPrj -- mig_a.prj
MIG: 14:28:26 : Prasad After: xmlPropertyPrj -- mig_b.prj
MIG: 14:28:26 : XML_INPUT_FILE: c:/Users/andrewandre/AppData/Roaming/Xilinx/Vivado/.Xil/Vivado-10972-LAPTOP-IQ9G3D1I/coregen/bd_mig_7series_0_0/mig_b.prj
MIG: 14:28:26 : Component_Name: bd_mig_7series_0_0
MIG: 14:28:26 : Moving bd_mig_7series_0_0 ...
MIG: 14:28:26 : Moving bd_mig_7series_0_0.veo ...
MIG: 14:28:26 : Moving bd_mig_7series_0_0_xmdf.tcl ...
MIG: 14:28:26 : Sending back 0
MIG: 14:28:27 : xml_input_file: mig_b.prj
MIG: 14:28:27 : Absolute path of xml_input_file: c:/Users/andrewandre/Documents/GitHub/kernel-on-chip/hdl/projects/Nexys4/rtl_project/rtl_project.srcs/sources_1/bd/bd/ip/bd_mig_7series_0_0/mig_b.prj
MIG: 14:28:27 : xml_input_file: mig_b.prj
MIG: 14:28:27 : Absolute path of xml_input_file: c:/Users/andrewandre/Documents/GitHub/kernel-on-chip/hdl/projects/Nexys4/rtl_project/rtl_project.srcs/sources_1/bd/bd/ip/bd_mig_7series_0_0/mig_b.prj
MIG: 14:28:27 : In updateAllModelParams
MIG: 14:28:27 : IGN:     <ModuleName>bd_mig_7series_0_0</ModuleName> <==>     <ModuleName>bd_mig_7series_0_0</ModuleName> 
MIG: 14:28:27 : IGN:         <InputClkFreq>100</InputClkFreq> <==>         <InputClkFreq>100</InputClkFreq> 
MIG: 14:28:27 : XGUI hdlLanguage: Verilog
MIG: 14:28:27 : xgui vivado_mode: xpg_bd
MIG: 14:28:27 : xgui hdlLanguage: Verilog -- hdlExt: v
MIG: 14:28:27 : Reading C:/Users/andrewandre/Documents/GitHub/kernel-on-chip/hdl/projects/Nexys4/rtl_project/rtl_project.srcs/sources_1/bd/bd/ip/bd_mig_7series_0_0/bd_mig_7series_0_0/user_design/rtl/bd_mig_7series_0_0_mig.v ...
MIG: 14:28:28 : 
MIG: 14:28:28 : Inside fn mem: DDR2
MIG: 14:28:28 : detect_uiclk: 125000000
MIG: 14:28:28 : cntrl:  memtype: DDR2
MIG: 14:28:28 : 
MIG: 14:28:28 :  MMCM_VCO single ctrl param_name: MMCM_VCO --  possibleMaxVcoVal: 1200 
MIG: 14:28:28 : 
MIG: 14:28:28 : 
MIG: 14:28:28 : 125000000
MIG: 14:28:28 : 
MIG: 14:28:28 :  polarity_value: 1
MIG: 14:28:28 : 
MIG: 14:28:28 : 
MIG: 14:28:28 : cntrl:  memtype: DDR2
MIG: 14:28:28 : Prasad ----: isMMCMExtraClkParam:: MMCM_CLKOUT0_EN --- "TRUE"
MIG: 14:28:28 : TRUE
MIG: 14:28:28 :  MMCM Enable Param: MMCM_CLKOUT0_EN ==> TRUE
MIG: 14:28:28 : Prasad ----: isMMCMExtraClkParam:: MMCM_CLKOUT1_EN --- "FALSE"
MIG: 14:28:28 : 
MIG: 14:28:28 :  MMCM Enable Param: MMCM_CLKOUT1_EN ==> FALSE
MIG: 14:28:28 : Prasad ----: isMMCMExtraClkParam:: MMCM_CLKOUT2_EN --- "FALSE"
MIG: 14:28:28 : 
MIG: 14:28:28 :  MMCM Enable Param: MMCM_CLKOUT2_EN ==> FALSE
MIG: 14:28:28 : Prasad ----: isMMCMExtraClkParam:: MMCM_CLKOUT3_EN --- "FALSE"
MIG: 14:28:28 : 
MIG: 14:28:28 :  MMCM Enable Param: MMCM_CLKOUT3_EN ==> FALSE
MIG: 14:28:28 : Prasad ----: isMMCMExtraClkParam:: MMCM_CLKOUT4_EN --- "FALSE"
MIG: 14:28:28 : 
MIG: 14:28:28 :  MMCM Enable Param: MMCM_CLKOUT4_EN ==> FALSE
MIG: 14:28:28 : Prasad ----: isMMCMExtraClkParam:: MMCM_CLKOUT0_DIVIDE --- 24.000
MIG: 14:28:28 : possibleMaxVcoVal:: 1200 ---- paramName: MMCM_CLKOUT0_DIVIDE
MIG: 14:28:28 : 50000000
MIG: 14:28:28 :  MMCM Extra Param: MMCM_CLKOUT0_FREQ ==> 50000000
MIG: 14:28:28 : Prasad ----: isMMCMExtraClkParam:: MMCM_CLKOUT1_DIVIDE --- 1
MIG: 14:28:28 : possibleMaxVcoVal:: 1200 ---- paramName: MMCM_CLKOUT1_DIVIDE
MIG: 14:28:28 : 1200000000
MIG: 14:28:28 :  MMCM Extra Param: MMCM_CLKOUT1_FREQ ==> 1200000000
MIG: 14:28:28 : Prasad ----: isMMCMExtraClkParam:: MMCM_CLKOUT2_DIVIDE --- 1
MIG: 14:28:28 : possibleMaxVcoVal:: 1200 ---- paramName: MMCM_CLKOUT2_DIVIDE
MIG: 14:28:28 : 1200000000
MIG: 14:28:28 :  MMCM Extra Param: MMCM_CLKOUT2_FREQ ==> 1200000000
MIG: 14:28:28 : Prasad ----: isMMCMExtraClkParam:: MMCM_CLKOUT3_DIVIDE --- 1
MIG: 14:28:28 : possibleMaxVcoVal:: 1200 ---- paramName: MMCM_CLKOUT3_DIVIDE
MIG: 14:28:28 : 1200000000
MIG: 14:28:28 :  MMCM Extra Param: MMCM_CLKOUT3_FREQ ==> 1200000000
MIG: 14:28:28 : Prasad ----: isMMCMExtraClkParam:: MMCM_CLKOUT4_DIVIDE --- 1
MIG: 14:28:28 : possibleMaxVcoVal:: 1200 ---- paramName: MMCM_CLKOUT4_DIVIDE
MIG: 14:28:28 : 1200000000
MIG: 14:28:28 :  MMCM Extra Param: MMCM_CLKOUT4_FREQ ==> 1200000000
MIG: 14:28:28 :  Invalid Param: DDR2_RST_ACT_LOW ==> 1
MIG: 14:28:28 : 
MIG: 14:28:28 :  Valid Param: DDR2_BANK_WIDTH ==> 3
MIG: 14:28:28 : 
MIG: 14:28:28 :  Valid Param: DDR2_CK_WIDTH ==> 1
MIG: 14:28:28 :  Invalid Param: DDR2_COL_WIDTH ==> 10
MIG: 14:28:28 : 
MIG: 14:28:28 :  Valid Param: DDR2_CS_WIDTH ==> 1
MIG: 14:28:28 : 
MIG: 14:28:28 :  Valid Param: DDR2_nCS_PER_RANK ==> 1
MIG: 14:28:28 : 
MIG: 14:28:28 :  Valid Param: DDR2_CKE_WIDTH ==> 1
MIG: 14:28:28 :  Invalid Param: DDR2_DATA_BUF_ADDR_WIDTH ==> 4
MIG: 14:28:28 :  Invalid Param: DDR2_DQ_CNT_WIDTH ==> 4
MIG: 14:28:28 :  Invalid Param: DDR2_DQ_PER_DM ==> 8
MIG: 14:28:28 : 
MIG: 14:28:28 :  Valid Param: DDR2_DM_WIDTH ==> 2
MIG: 14:28:28 : 
MIG: 14:28:28 :  Valid Param: DDR2_DQ_WIDTH ==> 16
MIG: 14:28:28 : 
MIG: 14:28:28 :  Valid Param: DDR2_DQS_WIDTH ==> 2
MIG: 14:28:28 : 
MIG: 14:28:28 :  Valid Param: DDR2_DQS_CNT_WIDTH ==> 1
MIG: 14:28:28 :  Invalid Param: DDR2_DRAM_WIDTH ==> 8
MIG: 14:28:28 : 
MIG: 14:28:28 :  Valid Param: ECC ==> OFF
MIG: 14:28:28 : 
MIG: 14:28:28 :  Valid Param: DDR2_DATA_WIDTH ==> 16
MIG: 14:28:28 :  Invalid Param: ECC_TEST ==> "OFF"
MIG: 14:28:28 :  Invalid Param: DDR2_PAYLOAD_WIDTH ==> (ECC_TEST == "OFF") ? DATA_WIDTH : DQ_WIDTH
MIG: 14:28:28 :  Invalid Param: DDR2_MEM_ADDR_ORDER ==> "BANK_ROW_COLUMN"
MIG: 14:28:28 :  Invalid Param: DDR2_nBANK_MACHS ==> 4
MIG: 14:28:28 :  Invalid Param: DDR2_RANKS ==> 1
MIG: 14:28:28 : 
MIG: 14:28:28 :  Valid Param: DDR2_ODT_WIDTH ==> 1
MIG: 14:28:28 : 
MIG: 14:28:28 :  Valid Param: DDR2_ROW_WIDTH ==> 13
MIG: 14:28:28 : 
MIG: 14:28:28 :  Valid Param: DDR2_ADDR_WIDTH ==> 27
MIG: 14:28:28 : 
MIG: 14:28:28 :  Valid Param: DDR2_USE_CS_PORT ==> 1
MIG: 14:28:28 : 
MIG: 14:28:28 :  Valid Param: DDR2_USE_DM_PORT ==> 1
MIG: 14:28:28 : 
MIG: 14:28:28 :  Valid Param: DDR2_USE_ODT_PORT ==> 1
MIG: 14:28:28 :  Invalid Param: DDR2_PHY_CONTROL_MASTER_BANK ==> 0
MIG: 14:28:28 :  Invalid Param: DDR2_MEM_DENSITY ==> "1Gb"
MIG: 14:28:28 :  Invalid Param: DDR2_MEM_SPEEDGRADE ==> "25E"
MIG: 14:28:28 :  Invalid Param: DDR2_MEM_DEVICE_WIDTH ==> 16
MIG: 14:28:28 :  Invalid Param: DDR2_AL ==> "0"
MIG: 14:28:28 :  Invalid Param: DDR2_nAL ==> 0
MIG: 14:28:28 :  Invalid Param: DDR2_BURST_MODE ==> "8"
MIG: 14:28:28 :  Invalid Param: DDR2_BURST_TYPE ==> "SEQ"
MIG: 14:28:28 :  Invalid Param: DDR2_CL ==> 4
MIG: 14:28:28 :  Invalid Param: DDR2_OUTPUT_DRV ==> "HIGH"
MIG: 14:28:28 :  Invalid Param: DDR2_RTT_NOM ==> "50"
MIG: 14:28:28 :  Invalid Param: DDR2_ADDR_CMD_MODE ==> "1T"
MIG: 14:28:28 : 
MIG: 14:28:28 :  Valid Param: DDR2_REG_CTRL ==> OFF
MIG: 14:28:28 :  Invalid Param: DDR2_CLKIN_PERIOD ==> 10000
MIG: 14:28:28 :  Invalid Param: DDR2_CLKFBOUT_MULT ==> 10
MIG: 14:28:28 :  Invalid Param: DDR2_DIVCLK_DIVIDE ==> 1
MIG: 14:28:28 :  Invalid Param: DDR2_CLKOUT0_PHASE ==> 0.0
MIG: 14:28:28 :  Invalid Param: DDR2_CLKOUT0_DIVIDE ==> 2
MIG: 14:28:28 :  Invalid Param: DDR2_CLKOUT1_DIVIDE ==> 4
MIG: 14:28:28 :  Invalid Param: DDR2_CLKOUT2_DIVIDE ==> 64
MIG: 14:28:29 :  Invalid Param: DDR2_CLKOUT3_DIVIDE ==> 8
MIG: 14:28:29 :  Invalid Param: DDR2_MMCM_VCO ==> 1200
MIG: 14:28:29 :  Invalid Param: DDR2_MMCM_MULT_F ==> 9
MIG: 14:28:29 :  Invalid Param: DDR2_MMCM_DIVCLK_DIVIDE ==> 1
MIG: 14:28:29 :  Invalid Param: DDR2_MMCM_CLKOUT0_EN ==> "TRUE"
MIG: 14:28:29 :  Invalid Param: DDR2_MMCM_CLKOUT1_EN ==> "FALSE"
MIG: 14:28:29 :  Invalid Param: DDR2_MMCM_CLKOUT2_EN ==> "FALSE"
MIG: 14:28:29 :  Invalid Param: DDR2_MMCM_CLKOUT3_EN ==> "FALSE"
MIG: 14:28:29 :  Invalid Param: DDR2_MMCM_CLKOUT4_EN ==> "FALSE"
MIG: 14:28:29 :  Invalid Param: DDR2_MMCM_CLKOUT0_DIVIDE ==> 24.000
MIG: 14:28:29 :  Invalid Param: DDR2_MMCM_CLKOUT1_DIVIDE ==> 1
MIG: 14:28:29 :  Invalid Param: DDR2_MMCM_CLKOUT2_DIVIDE ==> 1
MIG: 14:28:29 :  Invalid Param: DDR2_MMCM_CLKOUT3_DIVIDE ==> 1
MIG: 14:28:29 :  Invalid Param: DDR2_MMCM_CLKOUT4_DIVIDE ==> 1
MIG: 14:28:29 :  Invalid Param: DDR2_tCKE ==> 7500
MIG: 14:28:29 :  Invalid Param: DDR2_tFAW ==> 45000
MIG: 14:28:29 :  Invalid Param: DDR2_tPRDI ==> 1_000_000
MIG: 14:28:29 :  Invalid Param: DDR2_tRAS ==> 40000
MIG: 14:28:29 :  Invalid Param: DDR2_tRCD ==> 15000
MIG: 14:28:29 :  Invalid Param: DDR2_tREFI ==> 7800000
MIG: 14:28:29 :  Invalid Param: DDR2_tRFC ==> 127500
MIG: 14:28:29 :  Invalid Param: DDR2_tRP ==> 12500
MIG: 14:28:29 :  Invalid Param: DDR2_tRRD ==> 10000
MIG: 14:28:29 :  Invalid Param: DDR2_tRTP ==> 7500
MIG: 14:28:29 :  Invalid Param: DDR2_tWTR ==> 7500
MIG: 14:28:29 :  Invalid Param: DDR2_tZQI ==> 128_000_000
MIG: 14:28:29 :  Invalid Param: DDR2_tZQCS ==> 64
MIG: 14:28:29 :  Invalid Param: DDR2_SIM_BYPASS_INIT_CAL ==> "OFF"
MIG: 14:28:29 :  Invalid Param: DDR2_SIMULATION ==> "FALSE"
MIG: 14:28:29 :  Invalid Param: DDR2_BYTE_LANES_B0 ==> 4'b1111
MIG: 14:28:29 :  Invalid Param: DDR2_BYTE_LANES_B1 ==> 4'b0000
MIG: 14:28:29 :  Invalid Param: DDR2_BYTE_LANES_B2 ==> 4'b0000
MIG: 14:28:29 :  Invalid Param: DDR2_BYTE_LANES_B3 ==> 4'b0000
MIG: 14:28:29 :  Invalid Param: DDR2_BYTE_LANES_B4 ==> 4'b0000
MIG: 14:28:29 :  Invalid Param: DDR2_DATA_CTL_B0 ==> 4'b0101
MIG: 14:28:29 :  Invalid Param: DDR2_DATA_CTL_B1 ==> 4'b0000
MIG: 14:28:29 :  Invalid Param: DDR2_DATA_CTL_B2 ==> 4'b0000
MIG: 14:28:29 :  Invalid Param: DDR2_DATA_CTL_B3 ==> 4'b0000
MIG: 14:28:29 :  Invalid Param: DDR2_DATA_CTL_B4 ==> 4'b0000
MIG: 14:28:29 :  Invalid Param: DDR2_PHY_0_BITLANES ==> 48'hFFC_3F7_FFF_3FE
MIG: 14:28:29 :  Invalid Param: DDR2_PHY_1_BITLANES ==> 48'h000_000_000_000
MIG: 14:28:29 :  Invalid Param: DDR2_PHY_2_BITLANES ==> 48'h000_000_000_000
MIG: 14:28:29 :  Invalid Param: DDR2_CK_BYTE_MAP ==> 144'h00_00_00_00_00_00_00_00_00_00_00_00_00_00_00_00_00_03
MIG: 14:28:29 :  Invalid Param: DDR2_ADDR_MAP ==> 192'h000_000_000_010_033_01A_019_032_03A_034_018_036_012_011_017_015
MIG: 14:28:29 :  Invalid Param: DDR2_BANK_MAP ==> 36'h013_016_01B
MIG: 14:28:29 :  Invalid Param: DDR2_CAS_MAP ==> 12'h039
MIG: 14:28:29 :  Invalid Param: DDR2_CKE_ODT_BYTE_MAP ==> 8'h00
MIG: 14:28:29 :  Invalid Param: DDR2_CKE_MAP ==> 96'h000_000_000_000_000_000_000_038
MIG: 14:28:29 :  Invalid Param: DDR2_ODT_MAP ==> 96'h000_000_000_000_000_000_000_035
MIG: 14:28:29 :  Invalid Param: DDR2_CS_MAP ==> 120'h000_000_000_000_000_000_000_000_000_037
MIG: 14:28:29 :  Invalid Param: DDR2_PARITY_MAP ==> 12'h000
MIG: 14:28:29 :  Invalid Param: DDR2_RAS_MAP ==> 12'h014
MIG: 14:28:29 :  Invalid Param: DDR2_WE_MAP ==> 12'h03B
MIG: 14:28:29 :  Invalid Param: DDR2_DQS_BYTE_MAP ==> 144'h00_00_00_00_00_00_00_00_00_00_00_00_00_00_00_00_02_00
MIG: 14:28:29 :  Invalid Param: DDR2_DATA0_MAP ==> 96'h008_004_009_007_005_001_006_003
MIG: 14:28:29 :  Invalid Param: DDR2_DATA1_MAP ==> 96'h022_028_020_024_027_025_026_021
MIG: 14:28:29 :  Invalid Param: DDR2_DATA2_MAP ==> 96'h000_000_000_000_000_000_000_000
MIG: 14:28:29 :  Invalid Param: DDR2_DATA3_MAP ==> 96'h000_000_000_000_000_000_000_000
MIG: 14:28:29 :  Invalid Param: DDR2_DATA4_MAP ==> 96'h000_000_000_000_000_000_000_000
MIG: 14:28:29 :  Invalid Param: DDR2_DATA5_MAP ==> 96'h000_000_000_000_000_000_000_000
MIG: 14:28:29 :  Invalid Param: DDR2_DATA6_MAP ==> 96'h000_000_000_000_000_000_000_000
MIG: 14:28:29 :  Invalid Param: DDR2_DATA7_MAP ==> 96'h000_000_000_000_000_000_000_000
MIG: 14:28:29 :  Invalid Param: DDR2_DATA8_MAP ==> 96'h000_000_000_000_000_000_000_000
MIG: 14:28:29 :  Invalid Param: DDR2_DATA9_MAP ==> 96'h000_000_000_000_000_000_000_000
MIG: 14:28:29 :  Invalid Param: DDR2_DATA10_MAP ==> 96'h000_000_000_000_000_000_000_000
MIG: 14:28:29 :  Invalid Param: DDR2_DATA11_MAP ==> 96'h000_000_000_000_000_000_000_000
MIG: 14:28:29 :  Invalid Param: DDR2_DATA12_MAP ==> 96'h000_000_000_000_000_000_000_000
MIG: 14:28:29 :  Invalid Param: DDR2_DATA13_MAP ==> 96'h000_000_000_000_000_000_000_000
MIG: 14:28:29 :  Invalid Param: DDR2_DATA14_MAP ==> 96'h000_000_000_000_000_000_000_000
MIG: 14:28:29 :  Invalid Param: DDR2_DATA15_MAP ==> 96'h000_000_000_000_000_000_000_000
MIG: 14:28:29 :  Invalid Param: DDR2_DATA16_MAP ==> 96'h000_000_000_000_000_000_000_000
MIG: 14:28:29 :  Invalid Param: DDR2_DATA17_MAP ==> 96'h000_000_000_000_000_000_000_000
MIG: 14:28:29 :  Invalid Param: DDR2_MASK0_MAP ==> 108'h000_000_000_000_000_000_000_029_002
MIG: 14:28:29 :  Invalid Param: DDR2_MASK1_MAP ==> 108'h000_000_000_000_000_000_000_000_000
MIG: 14:28:29 :  Invalid Param: DDR2_SLOT_0_CONFIG ==> 8'b0000_0001
MIG: 14:28:29 :  Invalid Param: DDR2_SLOT_1_CONFIG ==> 8'b0000_0000
MIG: 14:28:29 :  Invalid Param: DDR2_IBUF_LPWR_MODE ==> "OFF"
MIG: 14:28:29 :  Invalid Param: DDR2_DATA_IO_IDLE_PWRDWN ==> "ON"
MIG: 14:28:29 :  Invalid Param: DDR2_BANK_TYPE ==> "HR_IO"
MIG: 14:28:29 :  Invalid Param: DDR2_DATA_IO_PRIM_TYPE ==> "HR_LP"
MIG: 14:28:29 :  Invalid Param: DDR2_CKE_ODT_AUX ==> "FALSE"
MIG: 14:28:29 :  Invalid Param: DDR2_USER_REFRESH ==> "OFF"
MIG: 14:28:29 :  Invalid Param: DDR2_WRLVL ==> "OFF"
MIG: 14:28:29 :  Invalid Param: DDR2_ORDERING ==> "NORM"
MIG: 14:28:29 :  Invalid Param: DDR2_CALIB_ROW_ADD ==> 16'h0000
MIG: 14:28:29 :  Invalid Param: DDR2_CALIB_COL_ADD ==> 12'h000
MIG: 14:28:29 :  Invalid Param: DDR2_CALIB_BA_ADD ==> 3'h0
MIG: 14:28:29 :  Invalid Param: DDR2_TCQ ==> 100
MIG: 14:28:29 :  Invalid Param: DDR2_IODELAY_GRP0 ==> "BD_MIG_7SERIES_0_0_IODELAY_MIG0"
MIG: 14:28:29 :  Invalid Param: DDR2_SYSCLK_TYPE ==> "SINGLE_ENDED"
MIG: 14:28:29 :  Invalid Param: DDR2_REFCLK_TYPE ==> "NO_BUFFER"
MIG: 14:28:29 :  Invalid Param: DDR2_SYS_RST_PORT ==> "TRUE"
MIG: 14:28:29 :  Invalid Param: DDR2_CMD_PIPE_PLUS1 ==> "ON"
MIG: 14:28:29 :  Invalid Param: DDR2_DRAM_TYPE ==> "DDR2"
MIG: 14:28:29 :  Invalid Param: DDR2_CAL_WIDTH ==> "HALF"
MIG: 14:28:29 :  Invalid Param: DDR2_STARVE_LIMIT ==> 2
MIG: 14:28:29 :  Invalid Param: DDR2_REFCLK_FREQ ==> 200.0
MIG: 14:28:29 :  Invalid Param: DDR2_DIFF_TERM_REFCLK ==> "TRUE"
MIG: 14:28:29 :  Invalid Param: DDR2_tCK ==> 4000
MIG: 14:28:29 : 
MIG: 14:28:29 :  Valid Param: DDR2_nCK_PER_CLK ==> 2
MIG: 14:28:29 :  Invalid Param: DDR2_DIFF_TERM_SYSCLK ==> "TRUE"
MIG: 14:28:29 : TRUE
MIG: 14:28:29 :  Valid Param: UI_EXTRA_CLOCKS ==> TRUE
MIG: 14:28:29 : 
MIG: 14:28:29 :  Valid Param: C_S_AXI_ID_WIDTH ==> 4
MIG: 14:28:29 : 
MIG: 14:28:29 :  Valid Param: C_S_AXI_MEM_SIZE ==> 134217728
MIG: 14:28:29 : 
MIG: 14:28:29 :  Valid Param: C_S_AXI_ADDR_WIDTH ==> 32
MIG: 14:28:29 : 
MIG: 14:28:29 :  Valid Param: C_S_AXI_DATA_WIDTH ==> 32
MIG: 14:28:29 :  Invalid Param: DDR2_C_MC_nCK_PER_CLK ==> 2
MIG: 14:28:29 :  Invalid Param: C_S_AXI_SUPPORTS_NARROW_BURST ==> 0
MIG: 14:28:29 :  Invalid Param: DDR2_C_RD_WR_ARB_ALGORITHM ==> "RD_PRI_REG"
MIG: 14:28:29 :  Invalid Param: C_S_AXI_REG_EN0 ==> 20'h00000
MIG: 14:28:29 :  Invalid Param: C_S_AXI_REG_EN1 ==> 20'h00000
MIG: 14:28:29 : 
MIG: 14:28:29 :  Valid Param: C_S_AXI_CTRL_ADDR_WIDTH ==> 32
MIG: 14:28:29 : 
MIG: 14:28:29 :  Valid Param: C_S_AXI_CTRL_DATA_WIDTH ==> 32
MIG: 14:28:29 :  Invalid Param: C_S_AXI_BASEADDR ==> 32'h0000_0000
MIG: 14:28:29 :  Invalid Param: C_ECC_ONOFF_RESET_VALUE ==> 1
MIG: 14:28:29 :  Invalid Param: C_ECC_CE_COUNTER_WIDTH ==> 8
MIG: 14:28:29 : 
MIG: 14:28:29 :  Valid Param: DDR2_DEBUG_PORT ==> OFF
MIG: 14:28:29 : 
MIG: 14:28:29 :  Invalid Param: DDR2_TEMP_MON_CONTROL ==> "INTERNAL"
MIG: 14:28:29 : SINGLE
MIG: 14:28:29 : 
MIG: 14:28:29 : 
MIG: 14:28:29 : Same Interface
MIG: 14:46:47 : Running synthesis.xit
MIG: 14:46:47 : IGN:     <ModuleName>bd_mig_7series_0_0</ModuleName> <==>     <ModuleName>bd_mig_7series_0_0</ModuleName> 
MIG: 14:46:47 : IGN:         <InputClkFreq>100</InputClkFreq> <==>         <InputClkFreq>100</InputClkFreq> 
MIG: 14:46:47 : ERR:             <C0_S_AXI_SUPPORTS_NARROW_BURST>1</C0_S_AXI_SUPPORTS_NARROW_BURST> <==>             <C0_S_AXI_SUPPORTS_NARROW_BURST>0</C0_S_AXI_SUPPORTS_NARROW_BURST> 
MIG: 14:46:47 : ################# RUNNING MIG BATCH ###################
MIG: 14:46:47 : Writing IN file for 'bd_mig_7series_0_0'...compDirPath: c:/Xilinx/Vivado/2016.4/data/ip/xilinx/mig_7series_v4_0... instDirPath: c:/Users/andrewandre/Documents/GitHub/kernel-on-chip/hdl/projects/Nexys4/rtl_project/rtl_project.srcs/sources_1/bd/bd/ip/bd_mig_7series_0_0
MIG: 14:46:47 : synp_flow:  -- synthesis_mode: Other
MIG: 14:46:47 : outputDirectory: c:/Users/andrewandre/Documents/GitHub/kernel-on-chip/hdl/projects/Nexys4/rtl_project/rtl_project.srcs/sources_1/bd/bd/ip/bd_mig_7series_0_0/_tmp/
MIG: 14:46:47 : vivado_mode: xpg_bd
MIG: 14:46:47 : isPortInterface: 0
MIG: 14:46:47 : isPortInterface: 0
MIG: 14:46:47 : isPortInterface: 0
MIG: 14:46:47 : isPortInterface: 0
MIG: 14:46:47 : isPortInterface: 0
MIG: 14:46:47 : isPortInterface: 0
MIG: 14:46:47 : isPortInterface: 0
MIG: 14:46:47 : isPortInterface: 0
MIG: 14:46:47 : isPortInterface: 0
MIG: 14:46:47 : isPortInterface: 0
MIG: 14:46:47 : isPortInterface: 0
MIG: 14:46:47 : isPortInterface: 0
MIG: 14:46:47 : isPortInterface: 0
MIG: 14:46:47 : isPortInterface: 0
MIG: 14:46:47 : isPortInterface: 0
MIG: 14:46:47 : isPortInterface: 0
MIG: 14:46:47 : isPortInterface: 0
MIG: 14:46:47 : isPortInterface: 0
MIG: 14:46:47 : isPortInterface: 0
MIG: 14:46:47 : isPortInterface: 0
MIG: 14:46:47 : isPortInterface: 0
MIG: 14:46:47 : isPortInterface: 0
MIG: 14:46:47 : isPortInterface: 0
MIG: 14:46:47 : isPortInterface: 0
MIG: 14:46:47 : isPortInterface: 0
MIG: 14:46:47 : isPortInterface: 0
MIG: 14:46:47 : isPortInterface: 0
MIG: 14:46:47 : isPortInterface: 0
MIG: 14:46:47 : isPortInterface: 0
MIG: 14:46:47 : isPortInterface: 0
MIG: 14:46:47 : isPortInterface: 0
MIG: 14:46:47 : isPortInterface: 0
MIG: 14:46:47 : isPortInterface: 0
MIG: 14:46:47 : isPortInterface: 0
MIG: 14:46:47 : isPortInterface: 0
MIG: 14:46:47 : isPortInterface: 0
MIG: 14:46:47 : isPortInterface: 0
MIG: 14:46:47 : isPortInterface: 0
MIG: 14:46:47 : isPortInterface: 0
MIG: 14:46:47 : isPortInterface: 0
MIG: 14:46:47 : isPortInterface: 0
MIG: 14:46:47 : isPortInterface: 0
MIG: 14:46:47 : isPortInterface: 0
MIG: 14:46:47 : isPortInterface: 0
MIG: 14:46:47 : isPortInterface: 0
MIG: 14:46:47 : isPortInterface: 0
MIG: 14:46:47 : isPortInterface: 0
MIG: 14:46:47 : isPortInterface: 0
MIG: 14:46:47 : isPortInterface: 0
MIG: 14:46:47 : isPortInterface: 0
MIG: 14:46:47 : isPortInterface: 0
MIG: 14:46:47 : isPortInterface: 0
MIG: 14:46:47 : isPortInterface: 0
MIG: 14:46:47 : isPortInterface: 0
MIG: 14:46:47 : isPortInterface: 0
MIG: 14:46:47 : isPortInterface: 0
MIG: 14:46:47 : isPortInterface: 0
MIG: 14:46:47 : isPortInterface: 0
MIG: 14:46:47 : isPortInterface: 0
MIG: 14:46:47 : isPortInterface: 0
MIG: 14:46:47 : isPortInterface: 0
MIG: 14:46:47 : isPortInterface: 0
MIG: 14:46:47 : isPortInterface: 0
MIG: 14:46:47 : isPortInterface: 0
MIG: 14:46:47 : isPortInterface: 0
MIG: 14:46:47 : isPortInterface: 0
MIG: 14:46:47 : isPortInterface: 0
MIG: 14:46:47 : isPortInterface: 0
MIG: 14:46:47 : isPortInterface: 0
MIG: 14:46:47 : isPortInterface: 0
MIG: 14:46:47 : isPortInterface: 0
MIG: 14:46:47 : isPortInterface: 0
MIG: 14:46:47 : isPortInterface: 0
MIG: 14:46:47 : isPortInterface: 0
MIG: 14:46:47 : isPortInterface: 0
MIG: 14:46:47 : isPortInterface: 0
MIG: 14:46:47 : isPortInterface: 0
MIG: 14:46:48 : isPortInterface: 0
MIG: 14:46:48 : isPortInterface: 0
MIG: 14:46:48 : isPortInterface: 0
MIG: 14:46:48 : isPortInterface: 0
MIG: 14:46:48 : isPortInterface: 0
MIG: 14:46:48 : isPortInterface: 0
MIG: 14:46:48 : isPortInterface: 0
MIG: 14:46:48 : isPortInterface: 0
MIG: 14:46:48 : isPortInterface: 0
MIG: 14:46:48 : isPortInterface: 0
MIG: 14:46:48 : isPortInterface: 0
MIG: 14:46:48 : isPortInterface: 0
MIG: 14:46:48 : isPortInterface: 0
MIG: 14:46:48 : isPortInterface: 0
MIG: 14:46:48 : isPortInterface: 0
MIG: 14:46:48 : isPortInterface: 0
MIG: 14:46:48 : isPortInterface: 0
MIG: 14:46:48 : isPortInterface: 0
MIG: 14:46:48 : isPortInterface: 0
MIG: 14:46:48 : isPortInterface: 0
MIG: 14:46:48 : isPortInterface: 0
MIG: 14:46:48 : isPortInterface: 0
MIG: 14:46:48 : isPortInterface: 0
MIG: 14:46:48 : isPortInterface: 0
MIG: 14:46:48 : isPortInterface: 0
MIG: 14:46:48 : isPortInterface: 0
MIG: 14:46:48 : isPortInterface: 0
MIG: 14:46:48 : isPortInterface: 0
MIG: 14:46:48 : isPortInterface: 0
MIG: 14:46:48 : isPortInterface: 0
MIG: 14:46:48 : isPortInterface: 0
MIG: 14:46:48 : isPortInterface: 0
MIG: 14:46:48 : isPortInterface: 0
MIG: 14:46:48 : isPortInterface: 0
MIG: 14:46:48 : isPortInterface: 0
MIG: 14:46:48 : isPortInterface: 0
MIG: 14:46:48 : isPortInterface: 0
MIG: 14:46:48 : isPortInterface: 0
MIG: 14:46:48 : isPortInterface: 0
MIG: 14:46:48 : isPortInterface: 0
MIG: 14:46:48 : isPortInterface: 0
MIG: 14:46:48 : isPortInterface: 0
MIG: 14:46:48 : isPortInterface: 0
MIG: 14:46:48 : isPortInterface: 0
MIG: 14:46:48 : isPortInterface: 0
MIG: 14:46:48 : isPortInterface: 0
MIG: 14:46:48 : isPortInterface: 0
MIG: 14:46:48 : isPortInterface: 1
MIG: 14:46:48 : isPortInterface: 0
MIG: 14:46:48 : isPortInterface: 0
MIG: 14:46:48 : isPortInterface: 0
MIG: 14:46:48 : isPortInterface: 0
MIG: 14:46:48 : isPortInterface: 0
MIG: 14:46:48 : isPortInterface: 0
MIG: 14:46:48 : isPortInterface: 0
MIG: 14:46:48 : isPortInterface: 0
MIG: 14:46:48 : isPortInterface: 0
MIG: 14:46:48 : isPortInterface: 0
MIG: 14:46:48 :  locked false  
MIG: 14:46:48 : HDL Language: Verilog
MIG: 14:46:48 : compInfo: false
MIG: 14:46:48 : Vivado Options xc7a100t csg324 -1
MIG: 14:46:48 : 1: xc7a100t 2: csg324 3: -1
MIG: 14:46:48 : relative mig path: coregen/ip/xilinx/other/com/xilinx/ip/mig_7series_v4_0/bin/nt64/mig.exe
MIG: 14:46:48 : xilinx_path: C:/Xilinx/Vivado/2016.4/ids_lite/ISE
MIG: 14:46:48 : I am in catch area
MIG: 14:46:48 : Running C:/Xilinx/Vivado/2016.4/ids_lite/ISE/coregen/ip/xilinx/other/com/xilinx/ip/mig_7series_v4_0/bin/nt64/mig.exe -cg_exc_inp c:/Users/andrewandre/Documents/GitHub/kernel-on-chip/hdl/projects/Nexys4/rtl_project/rtl_project.srcs/sources_1/bd/bd/ip/bd_mig_7series_0_0/xil_txt.in -cg_exc_out c:/Users/andrewandre/Documents/GitHub/kernel-on-chip/hdl/projects/Nexys4/rtl_project/rtl_project.srcs/sources_1/bd/bd/ip/bd_mig_7series_0_0/xil_txt.out ... 
MIG: 14:46:57 : XML_INPUT_FILE: c:/Users/andrewandre/Documents/GitHub/kernel-on-chip/hdl/projects/Nexys4/rtl_project/rtl_project.srcs/sources_1/bd/bd/ip/bd_mig_7series_0_0/mig_b.prj
MIG: 14:46:57 : Component_Name: bd_mig_7series_0_0
MIG: 14:46:57 : Moving bd_mig_7series_0_0 ...
MIG: 14:46:57 : Moving bd_mig_7series_0_0.veo ...
MIG: 14:46:57 : Moving bd_mig_7series_0_0_xmdf.tcl ...
MIG: 14:46:57 : Running vhdl_synth_rpr.xit
MIG: 14:46:57 : IGN:     <ModuleName>bd_mig_7series_0_0</ModuleName> <==>     <ModuleName>bd_mig_7series_0_0</ModuleName> 
MIG: 14:46:57 : IGN:         <InputClkFreq>100</InputClkFreq> <==>         <InputClkFreq>100</InputClkFreq> 
MIG: 14:46:57 : ERR:             <Pin PADName="E3(MRCC_P)" Bank="35" name="sys_clk_i" /> <==>             <Pin PADName="E3" Bank="35" name="sys_clk_i" /> 
MIG: 14:46:58 : ################# RUNNING MIG BATCH ###################
MIG: 14:46:58 : Writing IN file for 'bd_mig_7series_0_0'...compDirPath: c:/Xilinx/Vivado/2016.4/data/ip/xilinx/mig_7series_v4_0... instDirPath: c:/Users/andrewandre/Documents/GitHub/kernel-on-chip/hdl/projects/Nexys4/rtl_project/rtl_project.srcs/sources_1/bd/bd/ip/bd_mig_7series_0_0
MIG: 14:46:58 : synp_flow:  -- synthesis_mode: Other
MIG: 14:46:58 : outputDirectory: c:/Users/andrewandre/Documents/GitHub/kernel-on-chip/hdl/projects/Nexys4/rtl_project/rtl_project.srcs/sources_1/bd/bd/ip/bd_mig_7series_0_0/_tmp/
MIG: 14:46:58 : vivado_mode: xpg_bd
MIG: 14:46:58 : isPortInterface: 0
MIG: 14:46:58 : isPortInterface: 0
MIG: 14:46:58 : isPortInterface: 0
MIG: 14:46:58 : isPortInterface: 0
MIG: 14:46:58 : isPortInterface: 0
MIG: 14:46:58 : isPortInterface: 0
MIG: 14:46:58 : isPortInterface: 0
MIG: 14:46:58 : isPortInterface: 0
MIG: 14:46:58 : isPortInterface: 0
MIG: 14:46:58 : isPortInterface: 0
MIG: 14:46:58 : isPortInterface: 0
MIG: 14:46:58 : isPortInterface: 0
MIG: 14:46:58 : isPortInterface: 0
MIG: 14:46:58 : isPortInterface: 0
MIG: 14:46:58 : isPortInterface: 0
MIG: 14:46:58 : isPortInterface: 0
MIG: 14:46:58 : isPortInterface: 0
MIG: 14:46:58 : isPortInterface: 0
MIG: 14:46:58 : isPortInterface: 0
MIG: 14:46:58 : isPortInterface: 0
MIG: 14:46:58 : isPortInterface: 0
MIG: 14:46:58 : isPortInterface: 0
MIG: 14:46:58 : isPortInterface: 0
MIG: 14:46:58 : isPortInterface: 0
MIG: 14:46:58 : isPortInterface: 0
MIG: 14:46:58 : isPortInterface: 0
MIG: 14:46:58 : isPortInterface: 0
MIG: 14:46:58 : isPortInterface: 0
MIG: 14:46:58 : isPortInterface: 0
MIG: 14:46:58 : isPortInterface: 0
MIG: 14:46:58 : isPortInterface: 0
MIG: 14:46:58 : isPortInterface: 0
MIG: 14:46:58 : isPortInterface: 0
MIG: 14:46:58 : isPortInterface: 0
MIG: 14:46:58 : isPortInterface: 0
MIG: 14:46:58 : isPortInterface: 0
MIG: 14:46:58 : isPortInterface: 0
MIG: 14:46:58 : isPortInterface: 0
MIG: 14:46:58 : isPortInterface: 0
MIG: 14:46:58 : isPortInterface: 0
MIG: 14:46:58 : isPortInterface: 0
MIG: 14:46:58 : isPortInterface: 0
MIG: 14:46:58 : isPortInterface: 0
MIG: 14:46:58 : isPortInterface: 0
MIG: 14:46:58 : isPortInterface: 0
MIG: 14:46:58 : isPortInterface: 0
MIG: 14:46:58 : isPortInterface: 0
MIG: 14:46:58 : isPortInterface: 0
MIG: 14:46:58 : isPortInterface: 0
MIG: 14:46:58 : isPortInterface: 0
MIG: 14:46:58 : isPortInterface: 0
MIG: 14:46:58 : isPortInterface: 0
MIG: 14:46:58 : isPortInterface: 0
MIG: 14:46:58 : isPortInterface: 0
MIG: 14:46:58 : isPortInterface: 0
MIG: 14:46:58 : isPortInterface: 0
MIG: 14:46:58 : isPortInterface: 0
MIG: 14:46:58 : isPortInterface: 0
MIG: 14:46:58 : isPortInterface: 0
MIG: 14:46:58 : isPortInterface: 0
MIG: 14:46:58 : isPortInterface: 0
MIG: 14:46:58 : isPortInterface: 0
MIG: 14:46:58 : isPortInterface: 0
MIG: 14:46:58 : isPortInterface: 0
MIG: 14:46:58 : isPortInterface: 0
MIG: 14:46:58 : isPortInterface: 0
MIG: 14:46:58 : isPortInterface: 0
MIG: 14:46:58 : isPortInterface: 0
MIG: 14:46:58 : isPortInterface: 0
MIG: 14:46:58 : isPortInterface: 0
MIG: 14:46:58 : isPortInterface: 0
MIG: 14:46:58 : isPortInterface: 0
MIG: 14:46:58 : isPortInterface: 0
MIG: 14:46:58 : isPortInterface: 0
MIG: 14:46:58 : isPortInterface: 0
MIG: 14:46:58 : isPortInterface: 0
MIG: 14:46:58 : isPortInterface: 0
MIG: 14:46:58 : isPortInterface: 0
MIG: 14:46:58 : isPortInterface: 0
MIG: 14:46:58 : isPortInterface: 0
MIG: 14:46:58 : isPortInterface: 0
MIG: 14:46:58 : isPortInterface: 0
MIG: 14:46:58 : isPortInterface: 0
MIG: 14:46:58 : isPortInterface: 0
MIG: 14:46:58 : isPortInterface: 0
MIG: 14:46:58 : isPortInterface: 0
MIG: 14:46:58 : isPortInterface: 0
MIG: 14:46:58 : isPortInterface: 0
MIG: 14:46:58 : isPortInterface: 0
MIG: 14:46:58 : isPortInterface: 0
MIG: 14:46:58 : isPortInterface: 0
MIG: 14:46:58 : isPortInterface: 0
MIG: 14:46:58 : isPortInterface: 0
MIG: 14:46:58 : isPortInterface: 0
MIG: 14:46:58 : isPortInterface: 0
MIG: 14:46:58 : isPortInterface: 0
MIG: 14:46:58 : isPortInterface: 0
MIG: 14:46:58 : isPortInterface: 0
MIG: 14:46:58 : isPortInterface: 0
MIG: 14:46:58 : isPortInterface: 0
MIG: 14:46:58 : isPortInterface: 0
MIG: 14:46:58 : isPortInterface: 0
MIG: 14:46:58 : isPortInterface: 0
MIG: 14:46:58 : isPortInterface: 0
MIG: 14:46:58 : isPortInterface: 0
MIG: 14:46:58 : isPortInterface: 0
MIG: 14:46:58 : isPortInterface: 0
MIG: 14:46:58 : isPortInterface: 0
MIG: 14:46:58 : isPortInterface: 0
MIG: 14:46:58 : isPortInterface: 0
MIG: 14:46:58 : isPortInterface: 0
MIG: 14:46:58 : isPortInterface: 0
MIG: 14:46:58 : isPortInterface: 0
MIG: 14:46:58 : isPortInterface: 0
MIG: 14:46:58 : isPortInterface: 0
MIG: 14:46:58 : isPortInterface: 0
MIG: 14:46:58 : isPortInterface: 0
MIG: 14:46:58 : isPortInterface: 0
MIG: 14:46:58 : isPortInterface: 0
MIG: 14:46:58 : isPortInterface: 0
MIG: 14:46:58 : isPortInterface: 0
MIG: 14:46:58 : isPortInterface: 0
MIG: 14:46:58 : isPortInterface: 0
MIG: 14:46:58 : isPortInterface: 0
MIG: 14:46:58 : isPortInterface: 1
MIG: 14:46:58 : isPortInterface: 0
MIG: 14:46:58 : isPortInterface: 0
MIG: 14:46:58 : isPortInterface: 0
MIG: 14:46:58 : isPortInterface: 0
MIG: 14:46:58 : isPortInterface: 0
MIG: 14:46:58 : isPortInterface: 0
MIG: 14:46:58 : isPortInterface: 0
MIG: 14:46:58 : isPortInterface: 0
MIG: 14:46:58 : isPortInterface: 0
MIG: 14:46:58 : isPortInterface: 0
MIG: 14:46:58 :  locked false  
MIG: 14:46:58 : HDL Language: Verilog
MIG: 14:46:58 : compInfo: false
MIG: 14:46:58 : Vivado Options xc7a100t csg324 -1
MIG: 14:46:58 : 1: xc7a100t 2: csg324 3: -1
MIG: 14:46:58 : relative mig path: coregen/ip/xilinx/other/com/xilinx/ip/mig_7series_v4_0/bin/nt64/mig.exe
MIG: 14:46:58 : xilinx_path: C:/Xilinx/Vivado/2016.4/ids_lite/ISE
MIG: 14:46:58 : I am in catch area
MIG: 14:46:58 : Running C:/Xilinx/Vivado/2016.4/ids_lite/ISE/coregen/ip/xilinx/other/com/xilinx/ip/mig_7series_v4_0/bin/nt64/mig.exe -cg_exc_inp c:/Users/andrewandre/Documents/GitHub/kernel-on-chip/hdl/projects/Nexys4/rtl_project/rtl_project.srcs/sources_1/bd/bd/ip/bd_mig_7series_0_0/xil_txt.in -cg_exc_out c:/Users/andrewandre/Documents/GitHub/kernel-on-chip/hdl/projects/Nexys4/rtl_project/rtl_project.srcs/sources_1/bd/bd/ip/bd_mig_7series_0_0/xil_txt.out ... 
MIG: 14:47:08 : XML_INPUT_FILE: c:/Users/andrewandre/Documents/GitHub/kernel-on-chip/hdl/projects/Nexys4/rtl_project/rtl_project.srcs/sources_1/bd/bd/ip/bd_mig_7series_0_0/mig_b.prj
MIG: 14:47:08 : Component_Name: bd_mig_7series_0_0
MIG: 14:47:08 : Moving bd_mig_7series_0_0 ...
MIG: 14:47:09 : Moving bd_mig_7series_0_0.veo ...
MIG: 14:47:09 : Moving bd_mig_7series_0_0_xmdf.tcl ...
MIG: 14:47:09 : Running simulation.xit
MIG: 14:47:09 : IGN:     <ModuleName>bd_mig_7series_0_0</ModuleName> <==>     <ModuleName>bd_mig_7series_0_0</ModuleName> 
MIG: 14:47:09 : IGN:         <InputClkFreq>100</InputClkFreq> <==>         <InputClkFreq>100</InputClkFreq> 
MIG: 14:47:09 : ERR:             <Pin PADName="E3(MRCC_P)" Bank="35" name="sys_clk_i" /> <==>             <Pin PADName="E3" Bank="35" name="sys_clk_i" /> 
MIG: 14:47:09 : ################# RUNNING MIG BATCH ###################
MIG: 14:47:09 : Writing IN file for 'bd_mig_7series_0_0'...compDirPath: c:/Xilinx/Vivado/2016.4/data/ip/xilinx/mig_7series_v4_0... instDirPath: c:/Users/andrewandre/Documents/GitHub/kernel-on-chip/hdl/projects/Nexys4/rtl_project/rtl_project.srcs/sources_1/bd/bd/ip/bd_mig_7series_0_0
MIG: 14:47:09 : synp_flow:  -- synthesis_mode: Other
MIG: 14:47:09 : outputDirectory: c:/Users/andrewandre/Documents/GitHub/kernel-on-chip/hdl/projects/Nexys4/rtl_project/rtl_project.srcs/sources_1/bd/bd/ip/bd_mig_7series_0_0/_tmp/
MIG: 14:47:09 : vivado_mode: xpg_bd
MIG: 14:47:09 : isPortInterface: 0
MIG: 14:47:09 : isPortInterface: 0
MIG: 14:47:09 : isPortInterface: 0
MIG: 14:47:09 : isPortInterface: 0
MIG: 14:47:09 : isPortInterface: 0
MIG: 14:47:09 : isPortInterface: 0
MIG: 14:47:09 : isPortInterface: 0
MIG: 14:47:09 : isPortInterface: 0
MIG: 14:47:09 : isPortInterface: 0
MIG: 14:47:09 : isPortInterface: 0
MIG: 14:47:09 : isPortInterface: 0
MIG: 14:47:09 : isPortInterface: 0
MIG: 14:47:09 : isPortInterface: 0
MIG: 14:47:09 : isPortInterface: 0
MIG: 14:47:09 : isPortInterface: 0
MIG: 14:47:09 : isPortInterface: 0
MIG: 14:47:09 : isPortInterface: 0
MIG: 14:47:09 : isPortInterface: 0
MIG: 14:47:09 : isPortInterface: 0
MIG: 14:47:09 : isPortInterface: 0
MIG: 14:47:09 : isPortInterface: 0
MIG: 14:47:09 : isPortInterface: 0
MIG: 14:47:09 : isPortInterface: 0
MIG: 14:47:09 : isPortInterface: 0
MIG: 14:47:09 : isPortInterface: 0
MIG: 14:47:09 : isPortInterface: 0
MIG: 14:47:09 : isPortInterface: 0
MIG: 14:47:09 : isPortInterface: 0
MIG: 14:47:09 : isPortInterface: 0
MIG: 14:47:09 : isPortInterface: 0
MIG: 14:47:09 : isPortInterface: 0
MIG: 14:47:09 : isPortInterface: 0
MIG: 14:47:09 : isPortInterface: 0
MIG: 14:47:09 : isPortInterface: 0
MIG: 14:47:09 : isPortInterface: 0
MIG: 14:47:09 : isPortInterface: 0
MIG: 14:47:09 : isPortInterface: 0
MIG: 14:47:09 : isPortInterface: 0
MIG: 14:47:09 : isPortInterface: 0
MIG: 14:47:09 : isPortInterface: 0
MIG: 14:47:09 : isPortInterface: 0
MIG: 14:47:09 : isPortInterface: 0
MIG: 14:47:09 : isPortInterface: 0
MIG: 14:47:09 : isPortInterface: 0
MIG: 14:47:09 : isPortInterface: 0
MIG: 14:47:09 : isPortInterface: 0
MIG: 14:47:09 : isPortInterface: 0
MIG: 14:47:09 : isPortInterface: 0
MIG: 14:47:09 : isPortInterface: 0
MIG: 14:47:09 : isPortInterface: 0
MIG: 14:47:09 : isPortInterface: 0
MIG: 14:47:09 : isPortInterface: 0
MIG: 14:47:09 : isPortInterface: 0
MIG: 14:47:09 : isPortInterface: 0
MIG: 14:47:09 : isPortInterface: 0
MIG: 14:47:09 : isPortInterface: 0
MIG: 14:47:09 : isPortInterface: 0
MIG: 14:47:09 : isPortInterface: 0
MIG: 14:47:09 : isPortInterface: 0
MIG: 14:47:09 : isPortInterface: 0
MIG: 14:47:09 : isPortInterface: 0
MIG: 14:47:09 : isPortInterface: 0
MIG: 14:47:09 : isPortInterface: 0
MIG: 14:47:09 : isPortInterface: 0
MIG: 14:47:09 : isPortInterface: 0
MIG: 14:47:09 : isPortInterface: 0
MIG: 14:47:09 : isPortInterface: 0
MIG: 14:47:09 : isPortInterface: 0
MIG: 14:47:09 : isPortInterface: 0
MIG: 14:47:09 : isPortInterface: 0
MIG: 14:47:09 : isPortInterface: 0
MIG: 14:47:09 : isPortInterface: 0
MIG: 14:47:09 : isPortInterface: 0
MIG: 14:47:09 : isPortInterface: 0
MIG: 14:47:09 : isPortInterface: 0
MIG: 14:47:09 : isPortInterface: 0
MIG: 14:47:09 : isPortInterface: 0
MIG: 14:47:09 : isPortInterface: 0
MIG: 14:47:09 : isPortInterface: 0
MIG: 14:47:09 : isPortInterface: 0
MIG: 14:47:09 : isPortInterface: 0
MIG: 14:47:09 : isPortInterface: 0
MIG: 14:47:09 : isPortInterface: 0
MIG: 14:47:09 : isPortInterface: 0
MIG: 14:47:09 : isPortInterface: 0
MIG: 14:47:09 : isPortInterface: 0
MIG: 14:47:09 : isPortInterface: 0
MIG: 14:47:09 : isPortInterface: 0
MIG: 14:47:09 : isPortInterface: 0
MIG: 14:47:09 : isPortInterface: 0
MIG: 14:47:09 : isPortInterface: 0
MIG: 14:47:09 : isPortInterface: 0
MIG: 14:47:09 : isPortInterface: 0
MIG: 14:47:09 : isPortInterface: 0
MIG: 14:47:09 : isPortInterface: 0
MIG: 14:47:09 : isPortInterface: 0
MIG: 14:47:09 : isPortInterface: 0
MIG: 14:47:09 : isPortInterface: 0
MIG: 14:47:09 : isPortInterface: 0
MIG: 14:47:09 : isPortInterface: 0
MIG: 14:47:09 : isPortInterface: 0
MIG: 14:47:09 : isPortInterface: 0
MIG: 14:47:09 : isPortInterface: 0
MIG: 14:47:09 : isPortInterface: 0
MIG: 14:47:09 : isPortInterface: 0
MIG: 14:47:09 : isPortInterface: 0
MIG: 14:47:09 : isPortInterface: 0
MIG: 14:47:09 : isPortInterface: 0
MIG: 14:47:09 : isPortInterface: 0
MIG: 14:47:09 : isPortInterface: 0
MIG: 14:47:09 : isPortInterface: 0
MIG: 14:47:09 : isPortInterface: 0
MIG: 14:47:09 : isPortInterface: 0
MIG: 14:47:09 : isPortInterface: 0
MIG: 14:47:09 : isPortInterface: 0
MIG: 14:47:09 : isPortInterface: 0
MIG: 14:47:09 : isPortInterface: 0
MIG: 14:47:09 : isPortInterface: 0
MIG: 14:47:09 : isPortInterface: 0
MIG: 14:47:09 : isPortInterface: 0
MIG: 14:47:09 : isPortInterface: 0
MIG: 14:47:09 : isPortInterface: 0
MIG: 14:47:09 : isPortInterface: 0
MIG: 14:47:09 : isPortInterface: 0
MIG: 14:47:09 : isPortInterface: 1
MIG: 14:47:09 : isPortInterface: 0
MIG: 14:47:09 : isPortInterface: 0
MIG: 14:47:09 : isPortInterface: 0
MIG: 14:47:09 : isPortInterface: 0
MIG: 14:47:09 : isPortInterface: 0
MIG: 14:47:09 : isPortInterface: 0
MIG: 14:47:09 : isPortInterface: 0
MIG: 14:47:09 : isPortInterface: 0
MIG: 14:47:09 : isPortInterface: 0
MIG: 14:47:09 : isPortInterface: 0
MIG: 14:47:09 :  locked false  
MIG: 14:47:09 : HDL Language: Verilog
MIG: 14:47:09 : compInfo: false
MIG: 14:47:09 : Vivado Options xc7a100t csg324 -1
MIG: 14:47:09 : 1: xc7a100t 2: csg324 3: -1
MIG: 14:47:09 : relative mig path: coregen/ip/xilinx/other/com/xilinx/ip/mig_7series_v4_0/bin/nt64/mig.exe
MIG: 14:47:09 : xilinx_path: C:/Xilinx/Vivado/2016.4/ids_lite/ISE
MIG: 14:47:09 : I am in catch area
MIG: 14:47:09 : Running C:/Xilinx/Vivado/2016.4/ids_lite/ISE/coregen/ip/xilinx/other/com/xilinx/ip/mig_7series_v4_0/bin/nt64/mig.exe -cg_exc_inp c:/Users/andrewandre/Documents/GitHub/kernel-on-chip/hdl/projects/Nexys4/rtl_project/rtl_project.srcs/sources_1/bd/bd/ip/bd_mig_7series_0_0/xil_txt.in -cg_exc_out c:/Users/andrewandre/Documents/GitHub/kernel-on-chip/hdl/projects/Nexys4/rtl_project/rtl_project.srcs/sources_1/bd/bd/ip/bd_mig_7series_0_0/xil_txt.out ... 
MIG: 14:47:18 : XML_INPUT_FILE: c:/Users/andrewandre/Documents/GitHub/kernel-on-chip/hdl/projects/Nexys4/rtl_project/rtl_project.srcs/sources_1/bd/bd/ip/bd_mig_7series_0_0/mig_b.prj
MIG: 14:47:18 : Component_Name: bd_mig_7series_0_0
MIG: 14:47:18 : Moving bd_mig_7series_0_0 ...
MIG: 14:47:18 : Moving bd_mig_7series_0_0.veo ...
MIG: 14:47:18 : Moving bd_mig_7series_0_0_xmdf.tcl ...
MIG: 14:47:19 : Running vlog_sim_rpr.xit .. PRASAD DBG1
MIG: 14:47:19 : IGN:     <ModuleName>bd_mig_7series_0_0</ModuleName> <==>     <ModuleName>bd_mig_7series_0_0</ModuleName> 
MIG: 14:47:19 : IGN:         <InputClkFreq>100</InputClkFreq> <==>         <InputClkFreq>100</InputClkFreq> 
MIG: 14:47:19 : ERR:             <Pin PADName="E3(MRCC_P)" Bank="35" name="sys_clk_i" /> <==>             <Pin PADName="E3" Bank="35" name="sys_clk_i" /> 
MIG: 14:47:19 : ################# RUNNING MIG BATCH ###################
MIG: 14:47:19 : Writing IN file for 'bd_mig_7series_0_0'...compDirPath: c:/Xilinx/Vivado/2016.4/data/ip/xilinx/mig_7series_v4_0... instDirPath: c:/Users/andrewandre/Documents/GitHub/kernel-on-chip/hdl/projects/Nexys4/rtl_project/rtl_project.srcs/sources_1/bd/bd/ip/bd_mig_7series_0_0
MIG: 14:47:19 : synp_flow:  -- synthesis_mode: Other
MIG: 14:47:19 : outputDirectory: c:/Users/andrewandre/Documents/GitHub/kernel-on-chip/hdl/projects/Nexys4/rtl_project/rtl_project.srcs/sources_1/bd/bd/ip/bd_mig_7series_0_0/_tmp/
MIG: 14:47:19 : vivado_mode: xpg_bd
MIG: 14:47:19 : isPortInterface: 0
MIG: 14:47:19 : isPortInterface: 0
MIG: 14:47:19 : isPortInterface: 0
MIG: 14:47:19 : isPortInterface: 0
MIG: 14:47:19 : isPortInterface: 0
MIG: 14:47:19 : isPortInterface: 0
MIG: 14:47:19 : isPortInterface: 0
MIG: 14:47:19 : isPortInterface: 0
MIG: 14:47:19 : isPortInterface: 0
MIG: 14:47:19 : isPortInterface: 0
MIG: 14:47:19 : isPortInterface: 0
MIG: 14:47:19 : isPortInterface: 0
MIG: 14:47:19 : isPortInterface: 0
MIG: 14:47:19 : isPortInterface: 0
MIG: 14:47:19 : isPortInterface: 0
MIG: 14:47:19 : isPortInterface: 0
MIG: 14:47:19 : isPortInterface: 0
MIG: 14:47:19 : isPortInterface: 0
MIG: 14:47:19 : isPortInterface: 0
MIG: 14:47:19 : isPortInterface: 0
MIG: 14:47:19 : isPortInterface: 0
MIG: 14:47:19 : isPortInterface: 0
MIG: 14:47:19 : isPortInterface: 0
MIG: 14:47:19 : isPortInterface: 0
MIG: 14:47:19 : isPortInterface: 0
MIG: 14:47:19 : isPortInterface: 0
MIG: 14:47:19 : isPortInterface: 0
MIG: 14:47:19 : isPortInterface: 0
MIG: 14:47:19 : isPortInterface: 0
MIG: 14:47:19 : isPortInterface: 0
MIG: 14:47:19 : isPortInterface: 0
MIG: 14:47:19 : isPortInterface: 0
MIG: 14:47:19 : isPortInterface: 0
MIG: 14:47:19 : isPortInterface: 0
MIG: 14:47:19 : isPortInterface: 0
MIG: 14:47:19 : isPortInterface: 0
MIG: 14:47:19 : isPortInterface: 0
MIG: 14:47:19 : isPortInterface: 0
MIG: 14:47:19 : isPortInterface: 0
MIG: 14:47:19 : isPortInterface: 0
MIG: 14:47:19 : isPortInterface: 0
MIG: 14:47:19 : isPortInterface: 0
MIG: 14:47:19 : isPortInterface: 0
MIG: 14:47:19 : isPortInterface: 0
MIG: 14:47:19 : isPortInterface: 0
MIG: 14:47:19 : isPortInterface: 0
MIG: 14:47:19 : isPortInterface: 0
MIG: 14:47:19 : isPortInterface: 0
MIG: 14:47:19 : isPortInterface: 0
MIG: 14:47:19 : isPortInterface: 0
MIG: 14:47:19 : isPortInterface: 0
MIG: 14:47:19 : isPortInterface: 0
MIG: 14:47:19 : isPortInterface: 0
MIG: 14:47:19 : isPortInterface: 0
MIG: 14:47:19 : isPortInterface: 0
MIG: 14:47:19 : isPortInterface: 0
MIG: 14:47:19 : isPortInterface: 0
MIG: 14:47:19 : isPortInterface: 0
MIG: 14:47:19 : isPortInterface: 0
MIG: 14:47:19 : isPortInterface: 0
MIG: 14:47:19 : isPortInterface: 0
MIG: 14:47:19 : isPortInterface: 0
MIG: 14:47:19 : isPortInterface: 0
MIG: 14:47:19 : isPortInterface: 0
MIG: 14:47:19 : isPortInterface: 0
MIG: 14:47:19 : isPortInterface: 0
MIG: 14:47:19 : isPortInterface: 0
MIG: 14:47:19 : isPortInterface: 0
MIG: 14:47:19 : isPortInterface: 0
MIG: 14:47:19 : isPortInterface: 0
MIG: 14:47:19 : isPortInterface: 0
MIG: 14:47:19 : isPortInterface: 0
MIG: 14:47:19 : isPortInterface: 0
MIG: 14:47:19 : isPortInterface: 0
MIG: 14:47:19 : isPortInterface: 0
MIG: 14:47:19 : isPortInterface: 0
MIG: 14:47:19 : isPortInterface: 0
MIG: 14:47:19 : isPortInterface: 0
MIG: 14:47:19 : isPortInterface: 0
MIG: 14:47:19 : isPortInterface: 0
MIG: 14:47:19 : isPortInterface: 0
MIG: 14:47:19 : isPortInterface: 0
MIG: 14:47:19 : isPortInterface: 0
MIG: 14:47:19 : isPortInterface: 0
MIG: 14:47:19 : isPortInterface: 0
MIG: 14:47:19 : isPortInterface: 0
MIG: 14:47:19 : isPortInterface: 0
MIG: 14:47:19 : isPortInterface: 0
MIG: 14:47:19 : isPortInterface: 0
MIG: 14:47:19 : isPortInterface: 0
MIG: 14:47:19 : isPortInterface: 0
MIG: 14:47:19 : isPortInterface: 0
MIG: 14:47:19 : isPortInterface: 0
MIG: 14:47:19 : isPortInterface: 0
MIG: 14:47:19 : isPortInterface: 0
MIG: 14:47:19 : isPortInterface: 0
MIG: 14:47:19 : isPortInterface: 0
MIG: 14:47:19 : isPortInterface: 0
MIG: 14:47:19 : isPortInterface: 0
MIG: 14:47:19 : isPortInterface: 0
MIG: 14:47:19 : isPortInterface: 0
MIG: 14:47:19 : isPortInterface: 0
MIG: 14:47:19 : isPortInterface: 0
MIG: 14:47:19 : isPortInterface: 0
MIG: 14:47:19 : isPortInterface: 0
MIG: 14:47:19 : isPortInterface: 0
MIG: 14:47:19 : isPortInterface: 0
MIG: 14:47:19 : isPortInterface: 0
MIG: 14:47:19 : isPortInterface: 0
MIG: 14:47:19 : isPortInterface: 0
MIG: 14:47:19 : isPortInterface: 0
MIG: 14:47:19 : isPortInterface: 0
MIG: 14:47:19 : isPortInterface: 0
MIG: 14:47:19 : isPortInterface: 0
MIG: 14:47:19 : isPortInterface: 0
MIG: 14:47:19 : isPortInterface: 0
MIG: 14:47:19 : isPortInterface: 0
MIG: 14:47:19 : isPortInterface: 0
MIG: 14:47:19 : isPortInterface: 0
MIG: 14:47:19 : isPortInterface: 0
MIG: 14:47:19 : isPortInterface: 0
MIG: 14:47:19 : isPortInterface: 0
MIG: 14:47:19 : isPortInterface: 0
MIG: 14:47:19 : isPortInterface: 0
MIG: 14:47:19 : isPortInterface: 1
MIG: 14:47:19 : isPortInterface: 0
MIG: 14:47:19 : isPortInterface: 0
MIG: 14:47:19 : isPortInterface: 0
MIG: 14:47:19 : isPortInterface: 0
MIG: 14:47:19 : isPortInterface: 0
MIG: 14:47:19 : isPortInterface: 0
MIG: 14:47:19 : isPortInterface: 0
MIG: 14:47:19 : isPortInterface: 0
MIG: 14:47:19 : isPortInterface: 0
MIG: 14:47:19 : isPortInterface: 0
MIG: 14:47:19 :  locked false  
MIG: 14:47:20 : HDL Language: Verilog
MIG: 14:47:20 : compInfo: false
MIG: 14:47:20 : Vivado Options xc7a100t csg324 -1
MIG: 14:47:20 : 1: xc7a100t 2: csg324 3: -1
MIG: 14:47:20 : relative mig path: coregen/ip/xilinx/other/com/xilinx/ip/mig_7series_v4_0/bin/nt64/mig.exe
MIG: 14:47:20 : xilinx_path: C:/Xilinx/Vivado/2016.4/ids_lite/ISE
MIG: 14:47:20 : I am in catch area
MIG: 14:47:20 : Running C:/Xilinx/Vivado/2016.4/ids_lite/ISE/coregen/ip/xilinx/other/com/xilinx/ip/mig_7series_v4_0/bin/nt64/mig.exe -cg_exc_inp c:/Users/andrewandre/Documents/GitHub/kernel-on-chip/hdl/projects/Nexys4/rtl_project/rtl_project.srcs/sources_1/bd/bd/ip/bd_mig_7series_0_0/xil_txt.in -cg_exc_out c:/Users/andrewandre/Documents/GitHub/kernel-on-chip/hdl/projects/Nexys4/rtl_project/rtl_project.srcs/sources_1/bd/bd/ip/bd_mig_7series_0_0/xil_txt.out ... 
MIG: 14:47:27 : XML_INPUT_FILE: c:/Users/andrewandre/Documents/GitHub/kernel-on-chip/hdl/projects/Nexys4/rtl_project/rtl_project.srcs/sources_1/bd/bd/ip/bd_mig_7series_0_0/mig_b.prj
MIG: 14:47:27 : Component_Name: bd_mig_7series_0_0
MIG: 14:47:27 : Moving bd_mig_7series_0_0 ...
MIG: 14:47:27 : Moving bd_mig_7series_0_0.veo ...
MIG: 14:47:27 : Moving bd_mig_7series_0_0_xmdf.tcl ...
MIG: 14:47:27 : Running implementation.xit
MIG: 14:47:27 : IGN:     <ModuleName>bd_mig_7series_0_0</ModuleName> <==>     <ModuleName>bd_mig_7series_0_0</ModuleName> 
MIG: 14:47:27 : IGN:         <InputClkFreq>100</InputClkFreq> <==>         <InputClkFreq>100</InputClkFreq> 
MIG: 14:47:27 : ERR:             <Pin PADName="E3(MRCC_P)" Bank="35" name="sys_clk_i" /> <==>             <Pin PADName="E3" Bank="35" name="sys_clk_i" /> 
MIG: 14:47:27 : ################# RUNNING MIG BATCH ###################
MIG: 14:47:27 : Writing IN file for 'bd_mig_7series_0_0'...compDirPath: c:/Xilinx/Vivado/2016.4/data/ip/xilinx/mig_7series_v4_0... instDirPath: c:/Users/andrewandre/Documents/GitHub/kernel-on-chip/hdl/projects/Nexys4/rtl_project/rtl_project.srcs/sources_1/bd/bd/ip/bd_mig_7series_0_0
MIG: 14:47:27 : synp_flow:  -- synthesis_mode: Other
MIG: 14:47:27 : outputDirectory: c:/Users/andrewandre/Documents/GitHub/kernel-on-chip/hdl/projects/Nexys4/rtl_project/rtl_project.srcs/sources_1/bd/bd/ip/bd_mig_7series_0_0/_tmp/
MIG: 14:47:27 : vivado_mode: xpg_bd
MIG: 14:47:27 : isPortInterface: 0
MIG: 14:47:27 : isPortInterface: 0
MIG: 14:47:27 : isPortInterface: 0
MIG: 14:47:27 : isPortInterface: 0
MIG: 14:47:27 : isPortInterface: 0
MIG: 14:47:27 : isPortInterface: 0
MIG: 14:47:27 : isPortInterface: 0
MIG: 14:47:27 : isPortInterface: 0
MIG: 14:47:27 : isPortInterface: 0
MIG: 14:47:27 : isPortInterface: 0
MIG: 14:47:27 : isPortInterface: 0
MIG: 14:47:27 : isPortInterface: 0
MIG: 14:47:27 : isPortInterface: 0
MIG: 14:47:28 : isPortInterface: 0
MIG: 14:47:28 : isPortInterface: 0
MIG: 14:47:28 : isPortInterface: 0
MIG: 14:47:28 : isPortInterface: 0
MIG: 14:47:28 : isPortInterface: 0
MIG: 14:47:28 : isPortInterface: 0
MIG: 14:47:28 : isPortInterface: 0
MIG: 14:47:28 : isPortInterface: 0
MIG: 14:47:28 : isPortInterface: 0
MIG: 14:47:28 : isPortInterface: 0
MIG: 14:47:28 : isPortInterface: 0
MIG: 14:47:28 : isPortInterface: 0
MIG: 14:47:28 : isPortInterface: 0
MIG: 14:47:28 : isPortInterface: 0
MIG: 14:47:28 : isPortInterface: 0
MIG: 14:47:28 : isPortInterface: 0
MIG: 14:47:28 : isPortInterface: 0
MIG: 14:47:28 : isPortInterface: 0
MIG: 14:47:28 : isPortInterface: 0
MIG: 14:47:28 : isPortInterface: 0
MIG: 14:47:28 : isPortInterface: 0
MIG: 14:47:28 : isPortInterface: 0
MIG: 14:47:28 : isPortInterface: 0
MIG: 14:47:28 : isPortInterface: 0
MIG: 14:47:28 : isPortInterface: 0
MIG: 14:47:28 : isPortInterface: 0
MIG: 14:47:28 : isPortInterface: 0
MIG: 14:47:28 : isPortInterface: 0
MIG: 14:47:28 : isPortInterface: 0
MIG: 14:47:28 : isPortInterface: 0
MIG: 14:47:28 : isPortInterface: 0
MIG: 14:47:28 : isPortInterface: 0
MIG: 14:47:28 : isPortInterface: 0
MIG: 14:47:28 : isPortInterface: 0
MIG: 14:47:28 : isPortInterface: 0
MIG: 14:47:28 : isPortInterface: 0
MIG: 14:47:28 : isPortInterface: 0
MIG: 14:47:28 : isPortInterface: 0
MIG: 14:47:28 : isPortInterface: 0
MIG: 14:47:28 : isPortInterface: 0
MIG: 14:47:28 : isPortInterface: 0
MIG: 14:47:28 : isPortInterface: 0
MIG: 14:47:28 : isPortInterface: 0
MIG: 14:47:28 : isPortInterface: 0
MIG: 14:47:28 : isPortInterface: 0
MIG: 14:47:28 : isPortInterface: 0
MIG: 14:47:28 : isPortInterface: 0
MIG: 14:47:28 : isPortInterface: 0
MIG: 14:47:28 : isPortInterface: 0
MIG: 14:47:28 : isPortInterface: 0
MIG: 14:47:28 : isPortInterface: 0
MIG: 14:47:28 : isPortInterface: 0
MIG: 14:47:28 : isPortInterface: 0
MIG: 14:47:28 : isPortInterface: 0
MIG: 14:47:28 : isPortInterface: 0
MIG: 14:47:28 : isPortInterface: 0
MIG: 14:47:28 : isPortInterface: 0
MIG: 14:47:28 : isPortInterface: 0
MIG: 14:47:28 : isPortInterface: 0
MIG: 14:47:28 : isPortInterface: 0
MIG: 14:47:28 : isPortInterface: 0
MIG: 14:47:28 : isPortInterface: 0
MIG: 14:47:28 : isPortInterface: 0
MIG: 14:47:28 : isPortInterface: 0
MIG: 14:47:28 : isPortInterface: 0
MIG: 14:47:28 : isPortInterface: 0
MIG: 14:47:28 : isPortInterface: 0
MIG: 14:47:28 : isPortInterface: 0
MIG: 14:47:28 : isPortInterface: 0
MIG: 14:47:28 : isPortInterface: 0
MIG: 14:47:28 : isPortInterface: 0
MIG: 14:47:28 : isPortInterface: 0
MIG: 14:47:28 : isPortInterface: 0
MIG: 14:47:28 : isPortInterface: 0
MIG: 14:47:28 : isPortInterface: 0
MIG: 14:47:28 : isPortInterface: 0
MIG: 14:47:28 : isPortInterface: 0
MIG: 14:47:28 : isPortInterface: 0
MIG: 14:47:28 : isPortInterface: 0
MIG: 14:47:28 : isPortInterface: 0
MIG: 14:47:28 : isPortInterface: 0
MIG: 14:47:28 : isPortInterface: 0
MIG: 14:47:28 : isPortInterface: 0
MIG: 14:47:28 : isPortInterface: 0
MIG: 14:47:28 : isPortInterface: 0
MIG: 14:47:28 : isPortInterface: 0
MIG: 14:47:28 : isPortInterface: 0
MIG: 14:47:28 : isPortInterface: 0
MIG: 14:47:28 : isPortInterface: 0
MIG: 14:47:28 : isPortInterface: 0
MIG: 14:47:28 : isPortInterface: 0
MIG: 14:47:28 : isPortInterface: 0
MIG: 14:47:28 : isPortInterface: 0
MIG: 14:47:28 : isPortInterface: 0
MIG: 14:47:28 : isPortInterface: 0
MIG: 14:47:28 : isPortInterface: 0
MIG: 14:47:28 : isPortInterface: 0
MIG: 14:47:28 : isPortInterface: 0
MIG: 14:47:28 : isPortInterface: 0
MIG: 14:47:28 : isPortInterface: 0
MIG: 14:47:28 : isPortInterface: 0
MIG: 14:47:28 : isPortInterface: 0
MIG: 14:47:28 : isPortInterface: 0
MIG: 14:47:28 : isPortInterface: 0
MIG: 14:47:28 : isPortInterface: 0
MIG: 14:47:28 : isPortInterface: 0
MIG: 14:47:28 : isPortInterface: 0
MIG: 14:47:28 : isPortInterface: 0
MIG: 14:47:28 : isPortInterface: 0
MIG: 14:47:28 : isPortInterface: 0
MIG: 14:47:28 : isPortInterface: 0
MIG: 14:47:28 : isPortInterface: 1
MIG: 14:47:28 : isPortInterface: 0
MIG: 14:47:28 : isPortInterface: 0
MIG: 14:47:28 : isPortInterface: 0
MIG: 14:47:28 : isPortInterface: 0
MIG: 14:47:28 : isPortInterface: 0
MIG: 14:47:28 : isPortInterface: 0
MIG: 14:47:28 : isPortInterface: 0
MIG: 14:47:28 : isPortInterface: 0
MIG: 14:47:28 : isPortInterface: 0
MIG: 14:47:28 : isPortInterface: 0
MIG: 14:47:28 :  locked false  
MIG: 14:47:28 : HDL Language: Verilog
MIG: 14:47:28 : compInfo: false
MIG: 14:47:28 : Vivado Options xc7a100t csg324 -1
MIG: 14:47:28 : 1: xc7a100t 2: csg324 3: -1
MIG: 14:47:28 : relative mig path: coregen/ip/xilinx/other/com/xilinx/ip/mig_7series_v4_0/bin/nt64/mig.exe
MIG: 14:47:28 : xilinx_path: C:/Xilinx/Vivado/2016.4/ids_lite/ISE
MIG: 14:47:28 : I am in catch area
MIG: 14:47:28 : Running C:/Xilinx/Vivado/2016.4/ids_lite/ISE/coregen/ip/xilinx/other/com/xilinx/ip/mig_7series_v4_0/bin/nt64/mig.exe -cg_exc_inp c:/Users/andrewandre/Documents/GitHub/kernel-on-chip/hdl/projects/Nexys4/rtl_project/rtl_project.srcs/sources_1/bd/bd/ip/bd_mig_7series_0_0/xil_txt.in -cg_exc_out c:/Users/andrewandre/Documents/GitHub/kernel-on-chip/hdl/projects/Nexys4/rtl_project/rtl_project.srcs/sources_1/bd/bd/ip/bd_mig_7series_0_0/xil_txt.out ... 
MIG: 14:47:36 : XML_INPUT_FILE: c:/Users/andrewandre/Documents/GitHub/kernel-on-chip/hdl/projects/Nexys4/rtl_project/rtl_project.srcs/sources_1/bd/bd/ip/bd_mig_7series_0_0/mig_b.prj
MIG: 14:47:36 : Component_Name: bd_mig_7series_0_0
MIG: 14:47:36 : Moving bd_mig_7series_0_0 ...
MIG: 14:47:36 : Moving bd_mig_7series_0_0.veo ...
MIG: 14:47:36 : Moving bd_mig_7series_0_0_xmdf.tcl ...
